#
# There is insufficient memory for the Java Runtime Environment to continue.
# Native memory allocation (malloc) failed to allocate 1363664 bytes. Error detail: Chunk::new
# Possible reasons:
#   The system is out of physical RAM or swap space
#   This process is running with CompressedOops enabled, and the Java Heap may be blocking the growth of the native heap
# Possible solutions:
#   Reduce memory load on the system
#   Increase physical memory or swap space
#   Check if swap backing store is full
#   Decrease Java heap size (-Xmx/-Xms)
#   Decrease number of Java threads
#   Decrease Java thread stack sizes (-Xss)
#   Set larger code cache with -XX:ReservedCodeCacheSize=
#   JVM is running with Unscaled Compressed Oops mode in which the Java heap is
#     placed in the first 4GB address space. The Java Heap base address is the
#     maximum limit for the native heap growth. Please use -XX:HeapBaseMinAddress
#     to set the Java Heap base and to place the Java Heap above 4GB virtual address.
# This output file may be truncated or incomplete.
#
#  Out of Memory Error (arena.cpp:191), pid=38492, tid=36492
#
# JRE version: OpenJDK Runtime Environment Temurin-17.0.13+11 (17.0.13+11) (build 17.0.13+11)
# Java VM: OpenJDK 64-Bit Server VM Temurin-17.0.13+11 (17.0.13+11, mixed mode, tiered, compressed oops, compressed class ptrs, parallel gc, windows-amd64)
# No core dump will be written. Minidumps are not enabled by default on client versions of Windows
#

---------------  S U M M A R Y ------------

Command Line: --add-modules=ALL-SYSTEM --add-opens=java.base/java.util=ALL-UNNAMED --add-opens=java.base/java.lang=ALL-UNNAMED --add-opens=java.base/sun.nio.fs=ALL-UNNAMED -Declipse.application=org.eclipse.jdt.ls.core.id1 -Dosgi.bundles.defaultStartLevel=4 -Declipse.product=org.eclipse.jdt.ls.core.product -Djava.import.generatesMetadataFilesAtProjectRoot=false -DDetectVMInstallationsJob.disabled=true -Dfile.encoding=utf8 -XX:+UseParallelGC -XX:GCTimeRatio=4 -XX:AdaptiveSizePolicyWeight=90 -Dsun.zip.disableMemoryMapping=true -Xmx1G -Xms100m -Xlog:disable -javaagent:c:\Users\user\.cursor\extensions\redhat.java-1.38.0-win32-x64\lombok\lombok-1.18.34.jar -XX:+HeapDumpOnOutOfMemoryError -XX:HeapDumpPath=c:\Users\user\AppData\Roaming\Cursor\User\workspaceStorage\0e2028fd2e95f93941e0a180d63748fa\redhat.java -Daether.dependencyCollector.impl=bf c:\Users\user\.cursor\extensions\redhat.java-1.38.0-win32-x64\server\plugins\org.eclipse.equinox.launcher_1.6.900.v20240613-2009.jar -configuration c:\Users\user\AppData\Roaming\Cursor\User\globalStorage\redhat.java\1.38.0\config_win -data c:\Users\user\AppData\Roaming\Cursor\User\workspaceStorage\0e2028fd2e95f93941e0a180d63748fa\redhat.java\jdt_ws --pipe=\\.\pipe\lsp-01aedc2c04863729240aebaccacb5cbc-sock

Host: 11th Gen Intel(R) Core(TM) i5-11400F @ 2.60GHz, 12 cores, 15G,  Windows 11 , 64 bit Build 26100 (10.0.26100.2454)
Time: Mon Jan 20 05:14:52 2025  Windows 11 , 64 bit Build 26100 (10.0.26100.2454) elapsed time: 14.049135 seconds (0d 0h 0m 14s)

---------------  T H R E A D  ---------------

Current thread (0x00000154f8b8ba70):  JavaThread "C2 CompilerThread0" daemon [_thread_in_native, id=36492, stack(0x0000003d1ca00000,0x0000003d1cb00000)]


Current CompileTask:
C2:  14049 3498       4       java.io.WinNTFileSystem::normalize (143 bytes)

Stack: [0x0000003d1ca00000,0x0000003d1cb00000]
Native frames: (J=compiled Java code, j=interpreted, Vv=VM code, C=native code)
V  [jvm.dll+0x682a19]
V  [jvm.dll+0x839538]
V  [jvm.dll+0x83afe3]
V  [jvm.dll+0x83b653]
V  [jvm.dll+0x24704f]
V  [jvm.dll+0xace34]
V  [jvm.dll+0xad4cc]
V  [jvm.dll+0x36597e]
V  [jvm.dll+0x1ba989]
V  [jvm.dll+0x2181a7]
V  [jvm.dll+0x21748f]
V  [jvm.dll+0x1a3070]
V  [jvm.dll+0x22788c]
V  [jvm.dll+0x2259eb]
V  [jvm.dll+0x7eec98]
V  [jvm.dll+0x7e8ffc]
V  [jvm.dll+0x6818f7]
C  [ucrtbase.dll+0x14ea0]
C  [KERNEL32.DLL+0x2e8d7]
C  [ntdll.dll+0xdfbcc]


---------------  P R O C E S S  ---------------

Threads class SMR info:
_java_thread_list=0x00000154f8da4c60, length=26, elements={
0x00000154df43a890, 0x00000154f3a6fe50, 0x00000154f3a72a40, 0x00000154f3a7d350,
0x00000154f8b6ac30, 0x00000154f8b6b600, 0x00000154f8b8a300, 0x00000154f8b8ba70,
0x00000154f8b8cef0, 0x00000154f8ba9880, 0x00000154f8c0d7f0, 0x00000154f8db5080,
0x00000154fa682920, 0x00000154fa682e30, 0x00000154fa683340, 0x00000154fa683850,
0x00000154fa681f00, 0x00000154fa683d60, 0x00000154fa684270, 0x00000154fa6851a0,
0x00000154fa6819f0, 0x00000154fa682410, 0x00000154fa7a5b40, 0x00000154faff88f0,
0x00000154fa7a4700, 0x00000154fa7a41f0
}

Java Threads: ( => current thread )
  0x00000154df43a890 JavaThread "main" [_thread_blocked, id=32004, stack(0x0000003d1c100000,0x0000003d1c200000)]
  0x00000154f3a6fe50 JavaThread "Reference Handler" daemon [_thread_blocked, id=37312, stack(0x0000003d1c400000,0x0000003d1c500000)]
  0x00000154f3a72a40 JavaThread "Finalizer" daemon [_thread_blocked, id=31692, stack(0x0000003d1c500000,0x0000003d1c600000)]
  0x00000154f3a7d350 JavaThread "Signal Dispatcher" daemon [_thread_blocked, id=32332, stack(0x0000003d1c600000,0x0000003d1c700000)]
  0x00000154f8b6ac30 JavaThread "Attach Listener" daemon [_thread_blocked, id=40780, stack(0x0000003d1c700000,0x0000003d1c800000)]
  0x00000154f8b6b600 JavaThread "Service Thread" daemon [_thread_blocked, id=40884, stack(0x0000003d1c800000,0x0000003d1c900000)]
  0x00000154f8b8a300 JavaThread "Monitor Deflation Thread" daemon [_thread_blocked, id=25008, stack(0x0000003d1c900000,0x0000003d1ca00000)]
=>0x00000154f8b8ba70 JavaThread "C2 CompilerThread0" daemon [_thread_in_native, id=36492, stack(0x0000003d1ca00000,0x0000003d1cb00000)]
  0x00000154f8b8cef0 JavaThread "C1 CompilerThread0" daemon [_thread_blocked, id=28908, stack(0x0000003d1cb00000,0x0000003d1cc00000)]
  0x00000154f8ba9880 JavaThread "Sweeper thread" daemon [_thread_blocked, id=26252, stack(0x0000003d1cc00000,0x0000003d1cd00000)]
  0x00000154f8c0d7f0 JavaThread "Common-Cleaner" daemon [_thread_blocked, id=22568, stack(0x0000003d1cd00000,0x0000003d1ce00000)]
  0x00000154f8db5080 JavaThread "Notification Thread" daemon [_thread_blocked, id=39036, stack(0x0000003d1ce00000,0x0000003d1cf00000)]
  0x00000154fa682920 JavaThread "Active Thread: Equinox Container: 88c2dc0e-4c5e-4df5-9261-4512de19d477" [_thread_blocked, id=9060, stack(0x0000003d1d100000,0x0000003d1d200000)]
  0x00000154fa682e30 JavaThread "Refresh Thread: Equinox Container: 88c2dc0e-4c5e-4df5-9261-4512de19d477" daemon [_thread_blocked, id=6492, stack(0x0000003d1d800000,0x0000003d1d900000)]
  0x00000154fa683340 JavaThread "Framework Event Dispatcher: Equinox Container: 88c2dc0e-4c5e-4df5-9261-4512de19d477" daemon [_thread_blocked, id=39452, stack(0x0000003d1d900000,0x0000003d1da00000)]
  0x00000154fa683850 JavaThread "Start Level: Equinox Container: 88c2dc0e-4c5e-4df5-9261-4512de19d477" daemon [_thread_in_vm, id=20948, stack(0x0000003d1da00000,0x0000003d1db00000)]
  0x00000154fa681f00 JavaThread "Bundle File Closer" daemon [_thread_blocked, id=37568, stack(0x0000003d1dc00000,0x0000003d1dd00000)]
  0x00000154fa683d60 JavaThread "SCR Component Actor" daemon [_thread_blocked, id=39284, stack(0x0000003d1df00000,0x0000003d1e000000)]
  0x00000154fa684270 JavaThread "SCR Component Registry" daemon [_thread_blocked, id=33176, stack(0x0000003d1d000000,0x0000003d1d100000)]
  0x00000154fa6851a0 JavaThread "Worker-JM" [_thread_blocked, id=29320, stack(0x0000003d1e100000,0x0000003d1e200000)]
  0x00000154fa6819f0 JavaThread "JNA Cleaner" daemon [_thread_blocked, id=38192, stack(0x0000003d1e000000,0x0000003d1e100000)]
  0x00000154fa682410 JavaThread "Worker-0: Updating Maven Dependencies" [_thread_blocked, id=24716, stack(0x0000003d1e200000,0x0000003d1e300000)]
  0x00000154fa7a5b40 JavaThread "Worker-1: Repository registry initialization" [_thread_in_native, id=34608, stack(0x0000003d1e300000,0x0000003d1e400000)]
  0x00000154faff88f0 JavaThread "C2 CompilerThread1" daemon [_thread_in_native, id=38756, stack(0x0000003d1e400000,0x0000003d1e500000)]
  0x00000154fa7a4700 JavaThread "Worker-2" [_thread_blocked, id=19496, stack(0x0000003d1e500000,0x0000003d1e600000)]
  0x00000154fa7a41f0 JavaThread "Worker-3" [_thread_blocked, id=17576, stack(0x0000003d1e600000,0x0000003d1e700000)]

Other Threads:
  0x00000154df4dc350 VMThread "VM Thread" [stack: 0x0000003d1c300000,0x0000003d1c400000] [id=10428]
  0x00000154fa343710 WatcherThread [stack: 0x0000003d1cf00000,0x0000003d1d000000] [id=5484]
  0x00000154df451c10 GCTaskThread "GC Thread#0" [stack: 0x0000003d1c200000,0x0000003d1c300000] [id=27856]
  0x00000154fa9a3e20 GCTaskThread "GC Thread#1" [stack: 0x0000003d1d200000,0x0000003d1d300000] [id=32748]
  0x00000154fa680a00 GCTaskThread "GC Thread#2" [stack: 0x0000003d1d300000,0x0000003d1d400000] [id=27104]
  0x00000154fa680cc0 GCTaskThread "GC Thread#3" [stack: 0x0000003d1d400000,0x0000003d1d500000] [id=32140]
  0x00000154fa680f80 GCTaskThread "GC Thread#4" [stack: 0x0000003d1d500000,0x0000003d1d600000] [id=9384]
  0x00000154fa681240 GCTaskThread "GC Thread#5" [stack: 0x0000003d1d600000,0x0000003d1d700000] [id=16988]
  0x00000154fa681500 GCTaskThread "GC Thread#6" [stack: 0x0000003d1d700000,0x0000003d1d800000] [id=26536]
  0x00000154fac22640 GCTaskThread "GC Thread#7" [stack: 0x0000003d1db00000,0x0000003d1dc00000] [id=19492]
  0x00000154faff9e50 GCTaskThread "GC Thread#8" [stack: 0x0000003d1dd00000,0x0000003d1de00000] [id=39376]
  0x00000154faffa110 GCTaskThread "GC Thread#9" [stack: 0x0000003d1de00000,0x0000003d1df00000] [id=5676]

Threads with active compile tasks:
C2 CompilerThread0    15100 3498       4       java.io.WinNTFileSystem::normalize (143 bytes)
C2 CompilerThread1    15100 3567       4       java.util.zip.ZipFile$Source::initCEN (591 bytes)

VM state: not at safepoint (normal execution)

VM Mutex/Monitor currently owned by a thread: None

Heap address: 0x00000000c0000000, size: 1024 MB, Compressed Oops mode: 32-bit

CDS archive(s) not mapped
Compressed class space mapped at: 0x0000000100000000-0x0000000140000000, reserved size: 1073741824
Narrow klass base: 0x0000000000000000, Narrow klass shift: 3, Narrow klass range: 0x140000000

GC Precious Log:
 CPUs: 12 total, 12 available
 Memory: 16267M
 Large Page Support: Disabled
 NUMA Support: Disabled
 Compressed Oops: Enabled (32-bit)
 Alignments: Space 512K, Generation 512K, Heap 2M
 Heap Min Capacity: 100M
 Heap Initial Capacity: 100M
 Heap Max Capacity: 1G
 Pre-touch: Disabled
 Parallel Workers: 10

Heap:
 PSYoungGen      total 27648K, used 16261K [0x00000000eab00000, 0x00000000eca00000, 0x0000000100000000)
  eden space 24576K, 53% used [0x00000000eab00000,0x00000000eb7e5e50,0x00000000ec300000)
  from space 3072K, 99% used [0x00000000ec500000,0x00000000ec7fb778,0x00000000ec800000)
  to   space 2048K, 0% used [0x00000000ec800000,0x00000000ec800000,0x00000000eca00000)
 ParOldGen       total 68608K, used 11148K [0x00000000c0000000, 0x00000000c4300000, 0x00000000eab00000)
  object space 68608K, 16% used [0x00000000c0000000,0x00000000c0ae3388,0x00000000c4300000)
 Metaspace       used 29341K, committed 30016K, reserved 1114112K
  class space    used 3011K, committed 3264K, reserved 1048576K

Card table byte_map: [0x00000154f1310000,0x00000154f1520000] _byte_map_base: 0x00000154f0d10000

Marking Bits: (ParMarkBitMap*) 0x00007ffa4a656940
 Begin Bits: [0x00000154f1680000, 0x00000154f2680000)
 End Bits:   [0x00000154f2680000, 0x00000154f3680000)

Polling page: 0x00000154ddb70000

Metaspace:

Usage:
  Non-class:     25.71 MB used.
      Class:      2.94 MB used.
       Both:     28.66 MB used.

Virtual space:
  Non-class space:       64.00 MB reserved,      26.12 MB ( 41%) committed,  1 nodes.
      Class space:        1.00 GB reserved,       3.19 MB ( <1%) committed,  1 nodes.
             Both:        1.06 GB reserved,      29.31 MB (  3%) committed. 

Chunk freelists:
   Non-Class:  5.52 MB
       Class:  12.75 MB
        Both:  18.27 MB

MaxMetaspaceSize: unlimited
CompressedClassSpaceSize: 1.00 GB
Initial GC threshold: 21.00 MB
Current GC threshold: 35.00 MB
CDS: off
MetaspaceReclaimPolicy: balanced
 - commit_granule_bytes: 65536.
 - commit_granule_words: 8192.
 - virtual_space_node_default_size: 8388608.
 - enlarge_chunks_in_place: 1.
 - new_chunks_are_fully_committed: 0.
 - uncommit_free_chunks: 1.
 - use_allocation_guard: 0.
 - handle_deallocations: 1.


Internal statistics:

num_allocs_failed_limit: 3.
num_arena_births: 448.
num_arena_deaths: 0.
num_vsnodes_births: 2.
num_vsnodes_deaths: 0.
num_space_committed: 470.
num_space_uncommitted: 0.
num_chunks_returned_to_freelist: 3.
num_chunks_taken_from_freelist: 1310.
num_chunk_merges: 3.
num_chunk_splits: 827.
num_chunks_enlarged: 549.
num_inconsistent_stats: 0.

CodeHeap 'non-profiled nmethods': size=120000Kb used=1595Kb max_used=1595Kb free=118404Kb
 bounds [0x00000154e9c00000, 0x00000154e9e70000, 0x00000154f1130000]
CodeHeap 'profiled nmethods': size=120000Kb used=7319Kb max_used=7319Kb free=112680Kb
 bounds [0x00000154e2130000, 0x00000154e2860000, 0x00000154e9660000]
CodeHeap 'non-nmethods': size=5760Kb used=1235Kb max_used=1256Kb free=4524Kb
 bounds [0x00000154e9660000, 0x00000154e98d0000, 0x00000154e9c00000]
 total_blobs=4171 nmethods=3639 adapters=446
 compilation: enabled
              stopped_count=0, restarted_count=0
 full_count=0

Compilation events (20 events):
Event: 13.040 Thread 0x00000154f8b8cef0 3609       3       java.lang.invoke.LambdaFormEditor::getInCache (165 bytes)
Event: 13.040 Thread 0x00000154f8b8cef0 nmethod 3609 0x00000154e2839d90 code [0x00000154e283a000, 0x00000154e283ae38]
Event: 13.040 Thread 0x00000154f8b8cef0 3610       3       org.lombokweb.asm.SymbolTable::addConstantClass (8 bytes)
Event: 13.040 Thread 0x00000154f8b8cef0 nmethod 3610 0x00000154e283b210 code [0x00000154e283b3a0, 0x00000154e283b4e8]
Event: 13.040 Thread 0x00000154f8b8cef0 3607       3       jdk.internal.org.objectweb.asm.MethodWriter::visitFrameStart (55 bytes)
Event: 13.041 Thread 0x00000154f8b8cef0 nmethod 3607 0x00000154e283b590 code [0x00000154e283b740, 0x00000154e283b9f8]
Event: 13.041 Thread 0x00000154f8b8cef0 3608       3       jdk.internal.org.objectweb.asm.MethodWriter::visitFrameEnd (53 bytes)
Event: 13.041 Thread 0x00000154f8b8cef0 nmethod 3608 0x00000154e283bb90 code [0x00000154e283bd40, 0x00000154e283c128]
Event: 13.041 Thread 0x00000154f8b8cef0 3612       3       org.lombokweb.asm.ByteVector::<init> (13 bytes)
Event: 13.041 Thread 0x00000154f8b8cef0 nmethod 3612 0x00000154e283c290 code [0x00000154e283c420, 0x00000154e283c638]
Event: 13.041 Thread 0x00000154f8b8cef0 3603       1       java.lang.invoke.MethodHandleImpl$IntrinsicMethodHandle::getTarget (5 bytes)
Event: 13.042 Thread 0x00000154f8b8cef0 nmethod 3603 0x00000154e9d8d410 code [0x00000154e9d8d5a0, 0x00000154e9d8d678]
Event: 13.043 Thread 0x00000154f8b8cef0 3615       3       java.lang.invoke.MethodType::dropParameterTypes (164 bytes)
Event: 13.044 Thread 0x00000154f8b8cef0 nmethod 3615 0x00000154e283c710 code [0x00000154e283ca00, 0x00000154e283d8e8]
Event: 13.044 Thread 0x00000154f8b8cef0 3614       1       java.lang.invoke.MethodHandle::internalForm (5 bytes)
Event: 13.044 Thread 0x00000154f8b8cef0 nmethod 3614 0x00000154e9d8e110 code [0x00000154e9d8e2a0, 0x00000154e9d8e378]
Event: 13.422 Thread 0x00000154f8b8cef0 3618       3       jdk.internal.misc.Unsafe::weakCompareAndSetReference (11 bytes)
Event: 13.422 Thread 0x00000154f8b8cef0 nmethod 3618 0x00000154e283de10 code [0x00000154e283dfa0, 0x00000154e283e0d8]
Event: 13.626 Thread 0x00000154f8b8cef0 3619       3       java.util.concurrent.locks.AbstractQueuedSynchronizer::tryAcquireSharedNanos (62 bytes)
Event: 13.626 Thread 0x00000154f8b8cef0 nmethod 3619 0x00000154e283e190 code [0x00000154e283e3a0, 0x00000154e283e978]

GC Heap History (16 events):
Event: 1.608 GC heap before
{Heap before GC invocations=1 (full 0):
 PSYoungGen      total 29696K, used 25600K [0x00000000eab00000, 0x00000000ecc00000, 0x0000000100000000)
  eden space 25600K, 100% used [0x00000000eab00000,0x00000000ec400000,0x00000000ec400000)
  from space 4096K, 0% used [0x00000000ec800000,0x00000000ec800000,0x00000000ecc00000)
  to   space 4096K, 0% used [0x00000000ec400000,0x00000000ec400000,0x00000000ec800000)
 ParOldGen       total 68608K, used 0K [0x00000000c0000000, 0x00000000c4300000, 0x00000000eab00000)
  object space 68608K, 0% used [0x00000000c0000000,0x00000000c0000000,0x00000000c4300000)
 Metaspace       used 10895K, committed 11072K, reserved 1114112K
  class space    used 1082K, committed 1152K, reserved 1048576K
}
Event: 1.618 GC heap after
{Heap after GC invocations=1 (full 0):
 PSYoungGen      total 29696K, used 3326K [0x00000000eab00000, 0x00000000ecc00000, 0x0000000100000000)
  eden space 25600K, 0% used [0x00000000eab00000,0x00000000eab00000,0x00000000ec400000)
  from space 4096K, 81% used [0x00000000ec400000,0x00000000ec73fb28,0x00000000ec800000)
  to   space 4096K, 0% used [0x00000000ec800000,0x00000000ec800000,0x00000000ecc00000)
 ParOldGen       total 68608K, used 16K [0x00000000c0000000, 0x00000000c4300000, 0x00000000eab00000)
  object space 68608K, 0% used [0x00000000c0000000,0x00000000c0004000,0x00000000c4300000)
 Metaspace       used 10895K, committed 11072K, reserved 1114112K
  class space    used 1082K, committed 1152K, reserved 1048576K
}
Event: 2.814 GC heap before
{Heap before GC invocations=2 (full 0):
 PSYoungGen      total 29696K, used 28926K [0x00000000eab00000, 0x00000000ecc00000, 0x0000000100000000)
  eden space 25600K, 100% used [0x00000000eab00000,0x00000000ec400000,0x00000000ec400000)
  from space 4096K, 81% used [0x00000000ec400000,0x00000000ec73fb28,0x00000000ec800000)
  to   space 4096K, 0% used [0x00000000ec800000,0x00000000ec800000,0x00000000ecc00000)
 ParOldGen       total 68608K, used 16K [0x00000000c0000000, 0x00000000c4300000, 0x00000000eab00000)
  object space 68608K, 0% used [0x00000000c0000000,0x00000000c0004000,0x00000000c4300000)
 Metaspace       used 14457K, committed 14656K, reserved 1114112K
  class space    used 1441K, committed 1536K, reserved 1048576K
}
Event: 2.825 GC heap after
{Heap after GC invocations=2 (full 0):
 PSYoungGen      total 29696K, used 4094K [0x00000000eab00000, 0x00000000ecc00000, 0x0000000100000000)
  eden space 25600K, 0% used [0x00000000eab00000,0x00000000eab00000,0x00000000ec400000)
  from space 4096K, 99% used [0x00000000ec800000,0x00000000ecbffb08,0x00000000ecc00000)
  to   space 4096K, 0% used [0x00000000ec400000,0x00000000ec400000,0x00000000ec800000)
 ParOldGen       total 68608K, used 1712K [0x00000000c0000000, 0x00000000c4300000, 0x00000000eab00000)
  object space 68608K, 2% used [0x00000000c0000000,0x00000000c01ac2a0,0x00000000c4300000)
 Metaspace       used 14457K, committed 14656K, reserved 1114112K
  class space    used 1441K, committed 1536K, reserved 1048576K
}
Event: 4.523 GC heap before
{Heap before GC invocations=3 (full 0):
 PSYoungGen      total 29696K, used 29694K [0x00000000eab00000, 0x00000000ecc00000, 0x0000000100000000)
  eden space 25600K, 100% used [0x00000000eab00000,0x00000000ec400000,0x00000000ec400000)
  from space 4096K, 99% used [0x00000000ec800000,0x00000000ecbffb08,0x00000000ecc00000)
  to   space 4096K, 0% used [0x00000000ec400000,0x00000000ec400000,0x00000000ec800000)
 ParOldGen       total 68608K, used 1712K [0x00000000c0000000, 0x00000000c4300000, 0x00000000eab00000)
  object space 68608K, 2% used [0x00000000c0000000,0x00000000c01ac2a0,0x00000000c4300000)
 Metaspace       used 16242K, committed 16448K, reserved 1114112K
  class space    used 1639K, committed 1728K, reserved 1048576K
}
Event: 4.530 GC heap after
{Heap after GC invocations=3 (full 0):
 PSYoungGen      total 29696K, used 4073K [0x00000000eab00000, 0x00000000ecc00000, 0x0000000100000000)
  eden space 25600K, 0% used [0x00000000eab00000,0x00000000eab00000,0x00000000ec400000)
  from space 4096K, 99% used [0x00000000ec400000,0x00000000ec7fa6c0,0x00000000ec800000)
  to   space 4096K, 0% used [0x00000000ec800000,0x00000000ec800000,0x00000000ecc00000)
 ParOldGen       total 68608K, used 5709K [0x00000000c0000000, 0x00000000c4300000, 0x00000000eab00000)
  object space 68608K, 8% used [0x00000000c0000000,0x00000000c05935f8,0x00000000c4300000)
 Metaspace       used 16242K, committed 16448K, reserved 1114112K
  class space    used 1639K, committed 1728K, reserved 1048576K
}
Event: 5.962 GC heap before
{Heap before GC invocations=4 (full 0):
 PSYoungGen      total 29696K, used 29673K [0x00000000eab00000, 0x00000000ecc00000, 0x0000000100000000)
  eden space 25600K, 100% used [0x00000000eab00000,0x00000000ec400000,0x00000000ec400000)
  from space 4096K, 99% used [0x00000000ec400000,0x00000000ec7fa6c0,0x00000000ec800000)
  to   space 4096K, 0% used [0x00000000ec800000,0x00000000ec800000,0x00000000ecc00000)
 ParOldGen       total 68608K, used 5709K [0x00000000c0000000, 0x00000000c4300000, 0x00000000eab00000)
  object space 68608K, 8% used [0x00000000c0000000,0x00000000c05935f8,0x00000000c4300000)
 Metaspace       used 19589K, committed 19904K, reserved 1114112K
  class space    used 1996K, committed 2112K, reserved 1048576K
}
Event: 5.967 GC heap after
{Heap after GC invocations=4 (full 0):
 PSYoungGen      total 29696K, used 4090K [0x00000000eab00000, 0x00000000ecc00000, 0x0000000100000000)
  eden space 25600K, 0% used [0x00000000eab00000,0x00000000eab00000,0x00000000ec400000)
  from space 4096K, 99% used [0x00000000ec800000,0x00000000ecbfebd0,0x00000000ecc00000)
  to   space 4096K, 0% used [0x00000000ec400000,0x00000000ec400000,0x00000000ec800000)
 ParOldGen       total 68608K, used 6789K [0x00000000c0000000, 0x00000000c4300000, 0x00000000eab00000)
  object space 68608K, 9% used [0x00000000c0000000,0x00000000c06a16a8,0x00000000c4300000)
 Metaspace       used 19589K, committed 19904K, reserved 1114112K
  class space    used 1996K, committed 2112K, reserved 1048576K
}
Event: 6.095 GC heap before
{Heap before GC invocations=5 (full 0):
 PSYoungGen      total 29696K, used 13207K [0x00000000eab00000, 0x00000000ecc00000, 0x0000000100000000)
  eden space 25600K, 35% used [0x00000000eab00000,0x00000000eb3e7198,0x00000000ec400000)
  from space 4096K, 99% used [0x00000000ec800000,0x00000000ecbfebd0,0x00000000ecc00000)
  to   space 4096K, 0% used [0x00000000ec400000,0x00000000ec400000,0x00000000ec800000)
 ParOldGen       total 68608K, used 6789K [0x00000000c0000000, 0x00000000c4300000, 0x00000000eab00000)
  object space 68608K, 9% used [0x00000000c0000000,0x00000000c06a16a8,0x00000000c4300000)
 Metaspace       used 21104K, committed 21504K, reserved 1114112K
  class space    used 2129K, committed 2304K, reserved 1048576K
}
Event: 7.099 GC heap after
{Heap after GC invocations=5 (full 0):
 PSYoungGen      total 29696K, used 4083K [0x00000000eab00000, 0x00000000ece00000, 0x0000000100000000)
  eden space 25600K, 0% used [0x00000000eab00000,0x00000000eab00000,0x00000000ec400000)
  from space 4096K, 99% used [0x00000000ec400000,0x00000000ec7fcdc0,0x00000000ec800000)
  to   space 5120K, 0% used [0x00000000ec900000,0x00000000ec900000,0x00000000ece00000)
 ParOldGen       total 68608K, used 7184K [0x00000000c0000000, 0x00000000c4300000, 0x00000000eab00000)
  object space 68608K, 10% used [0x00000000c0000000,0x00000000c07043a8,0x00000000c4300000)
 Metaspace       used 21104K, committed 21504K, reserved 1114112K
  class space    used 2129K, committed 2304K, reserved 1048576K
}
Event: 7.099 GC heap before
{Heap before GC invocations=6 (full 1):
 PSYoungGen      total 29696K, used 4083K [0x00000000eab00000, 0x00000000ece00000, 0x0000000100000000)
  eden space 25600K, 0% used [0x00000000eab00000,0x00000000eab00000,0x00000000ec400000)
  from space 4096K, 99% used [0x00000000ec400000,0x00000000ec7fcdc0,0x00000000ec800000)
  to   space 5120K, 0% used [0x00000000ec900000,0x00000000ec900000,0x00000000ece00000)
 ParOldGen       total 68608K, used 7184K [0x00000000c0000000, 0x00000000c4300000, 0x00000000eab00000)
  object space 68608K, 10% used [0x00000000c0000000,0x00000000c07043a8,0x00000000c4300000)
 Metaspace       used 21104K, committed 21504K, reserved 1114112K
  class space    used 2129K, committed 2304K, reserved 1048576K
}
Event: 7.123 GC heap after
{Heap after GC invocations=6 (full 1):
 PSYoungGen      total 29696K, used 0K [0x00000000eab00000, 0x00000000ece00000, 0x0000000100000000)
  eden space 25600K, 0% used [0x00000000eab00000,0x00000000eab00000,0x00000000ec400000)
  from space 4096K, 0% used [0x00000000ec400000,0x00000000ec400000,0x00000000ec800000)
  to   space 5120K, 0% used [0x00000000ec900000,0x00000000ec900000,0x00000000ece00000)
 ParOldGen       total 68608K, used 10932K [0x00000000c0000000, 0x00000000c4300000, 0x00000000eab00000)
  object space 68608K, 15% used [0x00000000c0000000,0x00000000c0aad388,0x00000000c4300000)
 Metaspace       used 21104K, committed 21504K, reserved 1114112K
  class space    used 2129K, committed 2304K, reserved 1048576K
}
Event: 10.727 GC heap before
{Heap before GC invocations=7 (full 1):
 PSYoungGen      total 29696K, used 25600K [0x00000000eab00000, 0x00000000ece00000, 0x0000000100000000)
  eden space 25600K, 100% used [0x00000000eab00000,0x00000000ec400000,0x00000000ec400000)
  from space 4096K, 0% used [0x00000000ec400000,0x00000000ec400000,0x00000000ec800000)
  to   space 5120K, 0% used [0x00000000ec900000,0x00000000ec900000,0x00000000ece00000)
 ParOldGen       total 68608K, used 10932K [0x00000000c0000000, 0x00000000c4300000, 0x00000000eab00000)
  object space 68608K, 15% used [0x00000000c0000000,0x00000000c0aad388,0x00000000c4300000)
 Metaspace       used 24794K, committed 25344K, reserved 1114112K
  class space    used 2523K, committed 2752K, reserved 1048576K
}
Event: 10.729 GC heap after
{Heap after GC invocations=7 (full 1):
 PSYoungGen      total 27136K, used 1571K [0x00000000eab00000, 0x00000000ecb00000, 0x0000000100000000)
  eden space 25088K, 0% used [0x00000000eab00000,0x00000000eab00000,0x00000000ec380000)
  from space 2048K, 76% used [0x00000000ec900000,0x00000000eca88e70,0x00000000ecb00000)
  to   space 3072K, 0% used [0x00000000ec500000,0x00000000ec500000,0x00000000ec800000)
 ParOldGen       total 68608K, used 10940K [0x00000000c0000000, 0x00000000c4300000, 0x00000000eab00000)
  object space 68608K, 15% used [0x00000000c0000000,0x00000000c0aaf388,0x00000000c4300000)
 Metaspace       used 24794K, committed 25344K, reserved 1114112K
  class space    used 2523K, committed 2752K, reserved 1048576K
}
Event: 10.978 GC heap before
{Heap before GC invocations=8 (full 1):
 PSYoungGen      total 27136K, used 26659K [0x00000000eab00000, 0x00000000ecb00000, 0x0000000100000000)
  eden space 25088K, 100% used [0x00000000eab00000,0x00000000ec380000,0x00000000ec380000)
  from space 2048K, 76% used [0x00000000ec900000,0x00000000eca88e70,0x00000000ecb00000)
  to   space 3072K, 0% used [0x00000000ec500000,0x00000000ec500000,0x00000000ec800000)
 ParOldGen       total 68608K, used 10940K [0x00000000c0000000, 0x00000000c4300000, 0x00000000eab00000)
  object space 68608K, 15% used [0x00000000c0000000,0x00000000c0aaf388,0x00000000c4300000)
 Metaspace       used 27344K, committed 27968K, reserved 1114112K
  class space    used 2817K, committed 3072K, reserved 1048576K
}
Event: 10.980 GC heap after
{Heap after GC invocations=8 (full 1):
 PSYoungGen      total 27648K, used 3053K [0x00000000eab00000, 0x00000000eca00000, 0x0000000100000000)
  eden space 24576K, 0% used [0x00000000eab00000,0x00000000eab00000,0x00000000ec300000)
  from space 3072K, 99% used [0x00000000ec500000,0x00000000ec7fb778,0x00000000ec800000)
  to   space 2048K, 0% used [0x00000000ec800000,0x00000000ec800000,0x00000000eca00000)
 ParOldGen       total 68608K, used 11148K [0x00000000c0000000, 0x00000000c4300000, 0x00000000eab00000)
  object space 68608K, 16% used [0x00000000c0000000,0x00000000c0ae3388,0x00000000c4300000)
 Metaspace       used 27344K, committed 27968K, reserved 1114112K
  class space    used 2817K, committed 3072K, reserved 1048576K
}

Dll operation events (10 events):
Event: 0.112 Loaded shared library c:\Users\user\.cursor\extensions\redhat.java-1.38.0-win32-x64\jre\17.0.13-win32-x86_64\bin\java.dll
Event: 0.412 Loaded shared library c:\Users\user\.cursor\extensions\redhat.java-1.38.0-win32-x64\jre\17.0.13-win32-x86_64\bin\zip.dll
Event: 0.429 Loaded shared library C:\Users\user\.cursor\extensions\redhat.java-1.38.0-win32-x64\jre\17.0.13-win32-x86_64\bin\instrument.dll
Event: 0.453 Loaded shared library C:\Users\user\.cursor\extensions\redhat.java-1.38.0-win32-x64\jre\17.0.13-win32-x86_64\bin\net.dll
Event: 0.459 Loaded shared library C:\Users\user\.cursor\extensions\redhat.java-1.38.0-win32-x64\jre\17.0.13-win32-x86_64\bin\nio.dll
Event: 0.474 Loaded shared library C:\Users\user\.cursor\extensions\redhat.java-1.38.0-win32-x64\jre\17.0.13-win32-x86_64\bin\zip.dll
Event: 0.512 Loaded shared library C:\Users\user\.cursor\extensions\redhat.java-1.38.0-win32-x64\jre\17.0.13-win32-x86_64\bin\jimage.dll
Event: 0.708 Loaded shared library c:\Users\user\.cursor\extensions\redhat.java-1.38.0-win32-x64\jre\17.0.13-win32-x86_64\bin\verify.dll
Event: 2.693 Loaded shared library C:\Users\user\AppData\Roaming\Cursor\User\globalStorage\redhat.java\1.38.0\config_win\org.eclipse.equinox.launcher\org.eclipse.equinox.launcher.win32.win32.x86_64_1.2.1100.v20240722-2106\eclipse_11904.dll
Event: 10.603 Loaded shared library C:\Users\user\AppData\Local\Temp\jna-3599307\jna11795970844207239743.dll

Deoptimization events (20 events):
Event: 10.873 Thread 0x00000154fa683850 DEOPT PACKING pc=0x00000154e9d6ef2c sp=0x0000003d1daf2fb0
Event: 10.873 Thread 0x00000154fa683850 DEOPT UNPACKING pc=0x00000154e96b9ea3 sp=0x0000003d1daf2f38 mode 2
Event: 10.873 Thread 0x00000154fa683850 Uncommon trap: trap_request=0xffffffde fr.pc=0x00000154e9d6ef2c relative=0x000000000000010c
Event: 10.873 Thread 0x00000154fa683850 Uncommon trap: reason=class_check action=maybe_recompile pc=0x00000154e9d6ef2c method=jdk.internal.misc.Unsafe.allocateUninitializedArray(Ljava/lang/Class;I)Ljava/lang/Object; @ 51 c2
Event: 10.873 Thread 0x00000154fa683850 DEOPT PACKING pc=0x00000154e9d6ef2c sp=0x0000003d1daf2fb0
Event: 10.873 Thread 0x00000154fa683850 DEOPT UNPACKING pc=0x00000154e96b9ea3 sp=0x0000003d1daf2f38 mode 2
Event: 10.912 Thread 0x00000154fa683850 Uncommon trap: trap_request=0xffffff45 fr.pc=0x00000154e9c1c1b0 relative=0x0000000000000390
Event: 10.912 Thread 0x00000154fa683850 Uncommon trap: reason=unstable_if action=reinterpret pc=0x00000154e9c1c1b0 method=java.lang.StringLatin1.canEncode(I)Z @ 4 c2
Event: 10.912 Thread 0x00000154fa683850 DEOPT PACKING pc=0x00000154e9c1c1b0 sp=0x0000003d1daf2920
Event: 10.912 Thread 0x00000154fa683850 DEOPT UNPACKING pc=0x00000154e96b9ea3 sp=0x0000003d1daf2848 mode 2
Event: 10.912 Thread 0x00000154fa683850 Uncommon trap: trap_request=0xffffff45 fr.pc=0x00000154e9c51de8 relative=0x0000000000000348
Event: 10.912 Thread 0x00000154fa683850 Uncommon trap: reason=unstable_if action=reinterpret pc=0x00000154e9c51de8 method=java.lang.AbstractStringBuilder.append(C)Ljava/lang/AbstractStringBuilder; @ 14 c2
Event: 10.912 Thread 0x00000154fa683850 DEOPT PACKING pc=0x00000154e9c51de8 sp=0x0000003d1daf2920
Event: 10.912 Thread 0x00000154fa683850 DEOPT UNPACKING pc=0x00000154e96b9ea3 sp=0x0000003d1daf2910 mode 2
Event: 10.914 Thread 0x00000154fa683850 Uncommon trap: trap_request=0xffffff45 fr.pc=0x00000154e9c264b8 relative=0x0000000000000038
Event: 10.914 Thread 0x00000154fa683850 Uncommon trap: reason=unstable_if action=reinterpret pc=0x00000154e9c264b8 method=java.lang.StringLatin1.canEncode(I)Z @ 4 c2
Event: 10.914 Thread 0x00000154fa683850 DEOPT PACKING pc=0x00000154e9c264b8 sp=0x0000003d1daf28b0
Event: 10.914 Thread 0x00000154fa683850 DEOPT UNPACKING pc=0x00000154e96b9ea3 sp=0x0000003d1daf2840 mode 2
Event: 11.007 Thread 0x00000154fa683850 DEOPT PACKING pc=0x00000154e24a3f3f sp=0x0000003d1daf5350
Event: 11.007 Thread 0x00000154fa683850 DEOPT UNPACKING pc=0x00000154e96ba9e3 sp=0x0000003d1daf48e0 mode 0

Classes loaded (20 events):
Event: 13.026 Loading class java/util/Collections$CopiesList
Event: 13.026 Loading class java/util/Collections$CopiesList done
Event: 13.026 Loading class java/lang/invoke/MethodHandleImpl$Makers
Event: 13.027 Loading class java/lang/invoke/MethodHandleImpl$Makers done
Event: 13.027 Loading class java/lang/invoke/MethodHandleImpl$Makers$1
Event: 13.027 Loading class java/lang/invoke/MethodHandleImpl$Makers$1 done
Event: 13.027 Loading class java/lang/invoke/MethodHandleImpl$Makers$2
Event: 13.028 Loading class java/lang/invoke/MethodHandleImpl$Makers$2 done
Event: 13.028 Loading class java/lang/invoke/MethodHandleImpl$Makers$3
Event: 13.028 Loading class java/lang/invoke/MethodHandleImpl$Makers$3 done
Event: 13.030 Loading class java/lang/invoke/DirectMethodHandle$EnsureInitialized
Event: 13.031 Loading class java/lang/invoke/DirectMethodHandle$EnsureInitialized done
Event: 13.032 Loading class java/lang/invoke/BoundMethodHandle$Species_I
Event: 13.032 Loading class java/lang/invoke/BoundMethodHandle$Species_I done
Event: 13.034 Loading class java/lang/runtime/ObjectMethods$1
Event: 13.034 Loading class java/lang/runtime/ObjectMethods$1 done
Event: 13.034 Loading class java/lang/StringIndexOutOfBoundsException
Event: 13.034 Loading class java/lang/StringIndexOutOfBoundsException done
Event: 13.037 Loading class java/lang/invoke/DirectMethodHandle$1
Event: 13.038 Loading class java/lang/invoke/DirectMethodHandle$1 done

Classes unloaded (0 events):
No events

Classes redefined (0 events):
No events

Internal exceptions (20 events):
Event: 10.673 Thread 0x00000154fa682410 Exception <a 'java/lang/NoSuchMethodError'{0x00000000ebd12920}: 'java.lang.Object java.lang.invoke.DirectMethodHandle$Holder.invokeSpecial(java.lang.Object, java.lang.Object, int, java.lang.Object, java.lang.Object)'> (0x00000000ebd12920) 
thrown [s\src\hotspot\share\interpreter\linkResolver.cpp, line 759]
Event: 10.798 Thread 0x00000154fa683850 Exception <a 'java/lang/NoSuchMethodError'{0x00000000eb1b61e8}: 'java.lang.Object java.lang.invoke.Invokers$Holder.linkToTargetMethod(java.lang.Object, long, java.lang.Object, java.lang.Object)'> (0x00000000eb1b61e8) 
thrown [s\src\hotspot\share\interpreter\linkResolver.cpp, line 759]
Event: 10.880 Thread 0x00000154fa683850 Exception <a 'java/io/FileNotFoundException'{0x00000000eb960e70}> (0x00000000eb960e70) 
thrown [s\src\hotspot\share\prims\jni.cpp, line 516]
Event: 10.880 Thread 0x00000154fa683850 Exception <a 'java/lang/NoSuchMethodError'{0x00000000eb96a648}: 'java.lang.Object java.lang.invoke.DirectMethodHandle$Holder.newInvokeSpecial(java.lang.Object, int, java.lang.Object, java.lang.Object)'> (0x00000000eb96a648) 
thrown [s\src\hotspot\share\interpreter\linkResolver.cpp, line 759]
Event: 10.958 Thread 0x00000154fa683850 Exception <a 'java/lang/NoSuchMethodError'{0x00000000ec140480}: 'void java.lang.invoke.DirectMethodHandle$Holder.invokeSpecial(java.lang.Object, java.lang.Object, java.lang.Object, int)'> (0x00000000ec140480) 
thrown [s\src\hotspot\share\interpreter\linkResolver.cpp, line 759]
Event: 13.013 Thread 0x00000154fa682410 Exception <a 'java/lang/NoSuchMethodError'{0x00000000eae0f1a8}: 'void java.lang.invoke.DirectMethodHandle$Holder.invokeStatic(java.lang.Object, java.lang.Object, java.lang.Object, java.lang.Object)'> (0x00000000eae0f1a8) 
thrown [s\src\hotspot\share\interpreter\linkResolver.cpp, line 759]
Event: 13.016 Thread 0x00000154fa683850 Exception <a 'java/lang/NoSuchMethodError'{0x00000000eaea6328}: 'double java.lang.invoke.DirectMethodHandle$Holder.invokeStatic(java.lang.Object, java.lang.Object)'> (0x00000000eaea6328) 
thrown [s\src\hotspot\share\interpreter\linkResolver.cpp, line 759]
Event: 13.016 Thread 0x00000154fa683850 Exception <a 'java/lang/NoSuchMethodError'{0x00000000eaea9c40}: 'double java.lang.invoke.DirectMethodHandle$Holder.invokeStaticInit(java.lang.Object, java.lang.Object)'> (0x00000000eaea9c40) 
thrown [s\src\hotspot\share\interpreter\linkResolver.cpp, line 759]
Event: 13.021 Thread 0x00000154fa7a5b40 Exception <a 'java/lang/NoSuchMethodError'{0x00000000eaf6d800}: 'java.lang.Object java.lang.invoke.DirectMethodHandle$Holder.invokeStaticInit(java.lang.Object, java.lang.Object, java.lang.Object, java.lang.Object, java.lang.Object, java.lang.Object, java.lang.Object)'> (0x00000000eaf6d800) 
thrown [s\src\hotspot\share\interpreter\linkResolver.cpp, line 759]
Event: 13.023 Thread 0x00000154fa7a5b40 Exception <a 'java/lang/NoSuchMethodError'{0x00000000eaf762b8}: 'java.lang.Object java.lang.invoke.DirectMethodHandle$Holder.invokeSpecial(java.lang.Object, java.lang.Object, java.lang.Object, java.lang.Object, java.lang.Object, java.lang.Object, java.lang.Object, java.lang.Object, java.lang.Object)'> (0x00000000eaf762b8) 
thrown [s\src\hotspot\share\interpreter\linkResolver.cpp, line 759]
Event: 13.024 Thread 0x00000154fa7a5b40 Exception <a 'java/lang/NoSuchMethodError'{0x00000000eafbc0f0}: 'java.lang.Object java.lang.invoke.Invokers$Holder.invoke_MT(java.lang.Object, java.lang.Object, java.lang.Object, java.lang.Object, java.lang.Object, java.lang.Object, java.lang.Object, java.lang.Object, java.lang.Object)'> (0x00000000eafbc0f0) 
thrown [s\src\hotspot\share\interpreter\linkResolver.cpp, line 759]
Event: 13.034 Thread 0x00000154fa7a5b40 Exception <a 'java/lang/NoSuchMethodError'{0x00000000eb10b998}: 'int java.lang.invoke.DirectMethodHandle$Holder.invokeVirtual(java.lang.Object, java.lang.Object, java.lang.Object)'> (0x00000000eb10b998) 
thrown [s\src\hotspot\share\interpreter\linkResolver.cpp, line 759]
Event: 13.035 Thread 0x00000154fa7a5b40 Exception <a 'java/lang/NoSuchMethodError'{0x00000000eb10f490}: 'int java.lang.invoke.DirectMethodHandle$Holder.invokeVirtual(java.lang.Object, java.lang.Object)'> (0x00000000eb10f490) 
thrown [s\src\hotspot\share\interpreter\linkResolver.cpp, line 759]
Event: 13.035 Thread 0x00000154fa7a5b40 Exception <a 'java/lang/NoSuchMethodError'{0x00000000eb113728}: 'int java.lang.invoke.DirectMethodHandle$Holder.invokeStaticInit(java.lang.Object, int, int)'> (0x00000000eb113728) 
thrown [s\src\hotspot\share\interpreter\linkResolver.cpp, line 759]
Event: 13.036 Thread 0x00000154fa7a5b40 Exception <a 'java/lang/NoSuchMethodError'{0x00000000eb1832b0}: 'int java.lang.invoke.DirectMethodHandle$Holder.invokeStaticInit(java.lang.Object, long, long)'> (0x00000000eb1832b0) 
thrown [s\src\hotspot\share\interpreter\linkResolver.cpp, line 759]
Event: 13.036 Thread 0x00000154fa7a5b40 Exception <a 'java/lang/NoSuchMethodError'{0x00000000eb18a100}: 'int java.lang.invoke.DirectMethodHandle$Holder.invokeStaticInit(java.lang.Object, float, float)'> (0x00000000eb18a100) 
thrown [s\src\hotspot\share\interpreter\linkResolver.cpp, line 759]
Event: 13.036 Thread 0x00000154fa7a5b40 Exception <a 'java/lang/NoSuchMethodError'{0x00000000eb19d910}: 'int java.lang.invoke.DirectMethodHandle$Holder.invokeStaticInit(java.lang.Object, double, double)'> (0x00000000eb19d910) 
thrown [s\src\hotspot\share\interpreter\linkResolver.cpp, line 759]
Event: 13.037 Thread 0x00000154fa7a5b40 Exception <a 'java/lang/NoSuchMethodError'{0x00000000eb1a1f18}: 'int java.lang.invoke.DirectMethodHandle$Holder.invokeStatic(java.lang.Object, long)'> (0x00000000eb1a1f18) 
thrown [s\src\hotspot\share\interpreter\linkResolver.cpp, line 759]
Event: 13.040 Thread 0x00000154fa7a5b40 Exception <a 'java/lang/NoSuchMethodError'{0x00000000eb1f49e0}: 'int java.lang.invoke.Invokers$Holder.linkToTargetMethod(java.lang.Object, java.lang.Object)'> (0x00000000eb1f49e0) 
thrown [s\src\hotspot\share\interpreter\linkResolver.cpp, line 759]
Event: 13.043 Thread 0x00000154fa682410 Exception <a 'java/lang/NoSuchMethodError'{0x00000000eb306990}: 'int java.lang.invoke.DirectMethodHandle$Holder.invokeSpecial(java.lang.Object, java.lang.Object, java.lang.Object, java.lang.Object)'> (0x00000000eb306990) 
thrown [s\src\hotspot\share\interpreter\linkResolver.cpp, line 759]

VM Operations (20 events):
Event: 10.610 Executing VM operation: HandshakeAllThreads
Event: 10.610 Executing VM operation: HandshakeAllThreads done
Event: 10.710 Executing VM operation: HandshakeAllThreads
Event: 10.710 Executing VM operation: HandshakeAllThreads done
Event: 10.710 Executing VM operation: Cleanup
Event: 10.710 Executing VM operation: Cleanup done
Event: 10.727 Executing VM operation: ParallelGCFailedAllocation
Event: 10.729 Executing VM operation: ParallelGCFailedAllocation done
Event: 10.735 Executing VM operation: HandshakeAllThreads
Event: 10.735 Executing VM operation: HandshakeAllThreads done
Event: 10.741 Executing VM operation: HandshakeAllThreads
Event: 10.741 Executing VM operation: HandshakeAllThreads done
Event: 10.899 Executing VM operation: HandshakeAllThreads
Event: 10.899 Executing VM operation: HandshakeAllThreads done
Event: 10.978 Executing VM operation: ParallelGCFailedAllocation
Event: 10.980 Executing VM operation: ParallelGCFailedAllocation done
Event: 11.981 Executing VM operation: Cleanup
Event: 11.981 Executing VM operation: Cleanup done
Event: 13.982 Executing VM operation: Cleanup
Event: 13.982 Executing VM operation: Cleanup done

Memory protections (0 events):
No events

Nmethod flushes (0 events):
No events

Events (20 events):
Event: 2.658 Thread 0x00000154fad79350 Thread exited: 0x00000154fad79350
Event: 2.680 Thread 0x00000154df43a890 Thread added: 0x00000154fa682e30
Event: 2.782 Thread 0x00000154fa682e30 Thread added: 0x00000154fa683340
Event: 2.792 Thread 0x00000154df43a890 Thread added: 0x00000154fa683850
Event: 4.324 Thread 0x00000154fa683850 Thread added: 0x00000154fa681f00
Event: 4.580 Thread 0x00000154fa683850 Thread added: 0x00000154fa683d60
Event: 5.271 Thread 0x00000154fab0c530 Thread exited: 0x00000154fab0c530
Event: 5.683 Thread 0x00000154fa683850 Thread added: 0x00000154fa684270
Event: 5.993 Thread 0x00000154f8b8cef0 Thread added: 0x00000154fb120210
Event: 6.074 Thread 0x00000154fa683850 Thread added: 0x00000154fa6851a0
Event: 8.249 Thread 0x00000154fb120210 Thread exited: 0x00000154fb120210
Event: 8.262 Thread 0x00000154f8b8cef0 Thread added: 0x00000154fb120210
Event: 8.266 Thread 0x00000154f8b8cef0 Thread added: 0x00000154fa78aa10
Event: 8.503 Thread 0x00000154fa78aa10 Thread exited: 0x00000154fa78aa10
Event: 8.503 Thread 0x00000154fb120210 Thread exited: 0x00000154fb120210
Event: 10.623 Thread 0x00000154fa683850 Thread added: 0x00000154fa6819f0
Event: 10.645 Thread 0x00000154fa683850 Thread added: 0x00000154fa682410
Event: 10.674 Thread 0x00000154fa683850 Thread added: 0x00000154fa7a5b40
Event: 10.791 Thread 0x00000154f8b8ba70 Thread added: 0x00000154faff88f0
Event: 13.013 Thread 0x00000154fa682410 Thread added: 0x00000154fa7a4700


Dynamic libraries:
0x00007ff795770000 - 0x00007ff79577e000 	c:\Users\user\.cursor\extensions\redhat.java-1.38.0-win32-x64\jre\17.0.13-win32-x86_64\bin\java.exe
0x00007ffa93480000 - 0x00007ffa936e3000 	C:\WINDOWS\SYSTEM32\ntdll.dll
0x00007ffa91e30000 - 0x00007ffa91ef8000 	C:\WINDOWS\System32\KERNEL32.DLL
0x00007ffa90c70000 - 0x00007ffa91022000 	C:\WINDOWS\System32\KERNELBASE.dll
0x00007ffa90850000 - 0x00007ffa9099b000 	C:\WINDOWS\System32\ucrtbase.dll
0x00007ffa72340000 - 0x00007ffa72357000 	c:\Users\user\.cursor\extensions\redhat.java-1.38.0-win32-x64\jre\17.0.13-win32-x86_64\bin\jli.dll
0x00007ffa91f00000 - 0x00007ffa920c8000 	C:\WINDOWS\System32\USER32.dll
0x00007ffa723e0000 - 0x00007ffa723fe000 	c:\Users\user\.cursor\extensions\redhat.java-1.38.0-win32-x64\jre\17.0.13-win32-x86_64\bin\VCRUNTIME140.dll
0x00007ffa91030000 - 0x00007ffa91057000 	C:\WINDOWS\System32\win32u.dll
0x00007ffa77530000 - 0x00007ffa777c0000 	C:\WINDOWS\WinSxS\amd64_microsoft.windows.common-controls_6595b64144ccf1df_6.0.26100.2454_none_3e0b68a2e331ad60\COMCTL32.dll
0x00007ffa921b0000 - 0x00007ffa921da000 	C:\WINDOWS\System32\GDI32.dll
0x00007ffa91720000 - 0x00007ffa917c9000 	C:\WINDOWS\System32\msvcrt.dll
0x00007ffa91120000 - 0x00007ffa9124b000 	C:\WINDOWS\System32\gdi32full.dll
0x00007ffa90bc0000 - 0x00007ffa90c63000 	C:\WINDOWS\System32\msvcp_win.dll
0x00007ffa930a0000 - 0x00007ffa930cf000 	C:\WINDOWS\System32\IMM32.DLL
0x00007ffa8ace0000 - 0x00007ffa8acec000 	c:\Users\user\.cursor\extensions\redhat.java-1.38.0-win32-x64\jre\17.0.13-win32-x86_64\bin\vcruntime140_1.dll
0x00007ffa648a0000 - 0x00007ffa6492d000 	c:\Users\user\.cursor\extensions\redhat.java-1.38.0-win32-x64\jre\17.0.13-win32-x86_64\bin\msvcp140.dll
0x00007ffa49ab0000 - 0x00007ffa4a71b000 	c:\Users\user\.cursor\extensions\redhat.java-1.38.0-win32-x64\jre\17.0.13-win32-x86_64\bin\server\jvm.dll
0x00007ffa912e0000 - 0x00007ffa91394000 	C:\WINDOWS\System32\ADVAPI32.dll
0x00007ffa91620000 - 0x00007ffa916c6000 	C:\WINDOWS\System32\sechost.dll
0x00007ffa92ea0000 - 0x00007ffa92fb6000 	C:\WINDOWS\System32\RPCRT4.dll
0x00007ffa920d0000 - 0x00007ffa92144000 	C:\WINDOWS\System32\WS2_32.dll
0x00007ffa8f4c0000 - 0x00007ffa8f50e000 	C:\WINDOWS\SYSTEM32\POWRPROF.dll
0x00007ffa854c0000 - 0x00007ffa854f6000 	C:\WINDOWS\SYSTEM32\WINMM.dll
0x00007ffa89bc0000 - 0x00007ffa89bcb000 	C:\WINDOWS\SYSTEM32\VERSION.dll
0x00007ffa8f4a0000 - 0x00007ffa8f4b4000 	C:\WINDOWS\SYSTEM32\UMPDC.dll
0x00007ffa8f770000 - 0x00007ffa8f78a000 	C:\WINDOWS\SYSTEM32\kernel.appcore.dll
0x00007ffa899f0000 - 0x00007ffa899fa000 	c:\Users\user\.cursor\extensions\redhat.java-1.38.0-win32-x64\jre\17.0.13-win32-x86_64\bin\jimage.dll
0x00007ffa849a0000 - 0x00007ffa84be1000 	C:\WINDOWS\SYSTEM32\DBGHELP.DLL
0x00007ffa917e0000 - 0x00007ffa91b5e000 	C:\WINDOWS\System32\combase.dll
0x00007ffa930e0000 - 0x00007ffa931b6000 	C:\WINDOWS\System32\OLEAUT32.dll
0x00007ffa83720000 - 0x00007ffa83759000 	C:\WINDOWS\SYSTEM32\dbgcore.DLL
0x00007ffa909a0000 - 0x00007ffa90a39000 	C:\WINDOWS\System32\bcryptPrimitives.dll
0x00007ffa71fd0000 - 0x00007ffa71fde000 	c:\Users\user\.cursor\extensions\redhat.java-1.38.0-win32-x64\jre\17.0.13-win32-x86_64\bin\instrument.dll
0x00007ffa6ea60000 - 0x00007ffa6ea85000 	c:\Users\user\.cursor\extensions\redhat.java-1.38.0-win32-x64\jre\17.0.13-win32-x86_64\bin\java.dll
0x00007ffa71ae0000 - 0x00007ffa71af8000 	c:\Users\user\.cursor\extensions\redhat.java-1.38.0-win32-x64\jre\17.0.13-win32-x86_64\bin\zip.dll
0x00007ffa92790000 - 0x00007ffa92e91000 	C:\WINDOWS\System32\SHELL32.dll
0x00007ffa8e540000 - 0x00007ffa8ed71000 	C:\WINDOWS\SYSTEM32\windows.storage.dll
0x00007ffa92fc0000 - 0x00007ffa9309a000 	C:\WINDOWS\System32\SHCORE.dll
0x00007ffa91d50000 - 0x00007ffa91dad000 	C:\WINDOWS\System32\shlwapi.dll
0x00007ffa90760000 - 0x00007ffa9078e000 	C:\WINDOWS\SYSTEM32\profapi.dll
0x00007ffa8ad10000 - 0x00007ffa8ad29000 	C:\Users\user\.cursor\extensions\redhat.java-1.38.0-win32-x64\jre\17.0.13-win32-x86_64\bin\net.dll
0x00007ffa8a0f0000 - 0x00007ffa8a216000 	C:\WINDOWS\SYSTEM32\WINHTTP.dll
0x00007ffa8fc60000 - 0x00007ffa8fcc8000 	C:\WINDOWS\system32\mswsock.dll
0x00007ffa8acf0000 - 0x00007ffa8ad06000 	C:\Users\user\.cursor\extensions\redhat.java-1.38.0-win32-x64\jre\17.0.13-win32-x86_64\bin\nio.dll
0x00007ffa898d0000 - 0x00007ffa898e0000 	c:\Users\user\.cursor\extensions\redhat.java-1.38.0-win32-x64\jre\17.0.13-win32-x86_64\bin\verify.dll
0x00007ffa89840000 - 0x00007ffa89885000 	C:\Users\user\AppData\Roaming\Cursor\User\globalStorage\redhat.java\1.38.0\config_win\org.eclipse.equinox.launcher\org.eclipse.equinox.launcher.win32.win32.x86_64_1.2.1100.v20240722-2106\eclipse_11904.dll
0x00007ffa913a0000 - 0x00007ffa91539000 	C:\WINDOWS\System32\ole32.dll
0x00007ffa8ff40000 - 0x00007ffa8ff5c000 	C:\WINDOWS\SYSTEM32\CRYPTSP.dll
0x00007ffa8f6d0000 - 0x00007ffa8f708000 	C:\WINDOWS\system32\rsaenh.dll
0x00007ffa8fd20000 - 0x00007ffa8fd4b000 	C:\WINDOWS\SYSTEM32\USERENV.dll
0x00007ffa90180000 - 0x00007ffa901a6000 	C:\WINDOWS\SYSTEM32\bcrypt.dll
0x00007ffa8ff60000 - 0x00007ffa8ff6c000 	C:\WINDOWS\SYSTEM32\CRYPTBASE.dll
0x00007ffa8f070000 - 0x00007ffa8f0a2000 	C:\WINDOWS\SYSTEM32\IPHLPAPI.DLL
0x00007ffa91610000 - 0x00007ffa9161a000 	C:\WINDOWS\System32\NSI.dll
0x00007ffa8a0c0000 - 0x00007ffa8a0de000 	C:\WINDOWS\SYSTEM32\dhcpcsvc6.DLL
0x00007ffa8a040000 - 0x00007ffa8a065000 	C:\WINDOWS\SYSTEM32\dhcpcsvc.DLL
0x00007ffa8f160000 - 0x00007ffa8f285000 	C:\WINDOWS\SYSTEM32\DNSAPI.dll
0x00007ffa82720000 - 0x00007ffa82769000 	C:\Users\user\AppData\Local\Temp\jna-3599307\jna11795970844207239743.dll
0x00007ffa91b70000 - 0x00007ffa91b78000 	C:\WINDOWS\System32\PSAPI.DLL

dbghelp: loaded successfully - version: 4.0.5 - missing functions: none
symbol engine: initialized successfully - sym options: 0x614 - pdb path: .;c:\Users\user\.cursor\extensions\redhat.java-1.38.0-win32-x64\jre\17.0.13-win32-x86_64\bin;C:\WINDOWS\SYSTEM32;C:\WINDOWS\WinSxS\amd64_microsoft.windows.common-controls_6595b64144ccf1df_6.0.26100.2454_none_3e0b68a2e331ad60;c:\Users\user\.cursor\extensions\redhat.java-1.38.0-win32-x64\jre\17.0.13-win32-x86_64\bin\server;C:\Users\user\AppData\Roaming\Cursor\User\globalStorage\redhat.java\1.38.0\config_win\org.eclipse.equinox.launcher\org.eclipse.equinox.launcher.win32.win32.x86_64_1.2.1100.v20240722-2106;C:\Users\user\AppData\Local\Temp\jna-3599307

VM Arguments:
jvm_args: --add-modules=ALL-SYSTEM --add-opens=java.base/java.util=ALL-UNNAMED --add-opens=java.base/java.lang=ALL-UNNAMED --add-opens=java.base/sun.nio.fs=ALL-UNNAMED -Declipse.application=org.eclipse.jdt.ls.core.id1 -Dosgi.bundles.defaultStartLevel=4 -Declipse.product=org.eclipse.jdt.ls.core.product -Djava.import.generatesMetadataFilesAtProjectRoot=false -DDetectVMInstallationsJob.disabled=true -Dfile.encoding=utf8 -XX:+UseParallelGC -XX:GCTimeRatio=4 -XX:AdaptiveSizePolicyWeight=90 -Dsun.zip.disableMemoryMapping=true -Xmx1G -Xms100m -Xlog:disable -javaagent:c:\Users\user\.cursor\extensions\redhat.java-1.38.0-win32-x64\lombok\lombok-1.18.34.jar -XX:+HeapDumpOnOutOfMemoryError -XX:HeapDumpPath=c:\Users\user\AppData\Roaming\Cursor\User\workspaceStorage\0e2028fd2e95f93941e0a180d63748fa\redhat.java -Daether.dependencyCollector.impl=bf 
java_command: c:\Users\user\.cursor\extensions\redhat.java-1.38.0-win32-x64\server\plugins\org.eclipse.equinox.launcher_1.6.900.v20240613-2009.jar -configuration c:\Users\user\AppData\Roaming\Cursor\User\globalStorage\redhat.java\1.38.0\config_win -data c:\Users\user\AppData\Roaming\Cursor\User\workspaceStorage\0e2028fd2e95f93941e0a180d63748fa\redhat.java\jdt_ws --pipe=\\.\pipe\lsp-01aedc2c04863729240aebaccacb5cbc-sock
java_class_path (initial): c:\Users\user\.cursor\extensions\redhat.java-1.38.0-win32-x64\server\plugins\org.eclipse.equinox.launcher_1.6.900.v20240613-2009.jar
Launcher Type: SUN_STANDARD

[Global flags]
    uintx AdaptiveSizePolicyWeight                 = 90                                        {product} {command line}
     intx CICompilerCount                          = 4                                         {product} {ergonomic}
    uintx GCTimeRatio                              = 4                                         {product} {command line}
     bool HeapDumpOnOutOfMemoryError               = true                                   {manageable} {command line}
    ccstr HeapDumpPath                             = c:\Users\user\AppData\Roaming\Cursor\User\workspaceStorage\0e2028fd2e95f93941e0a180d63748fa\redhat.java         {manageable} {command line}
   size_t InitialHeapSize                          = 104857600                                 {product} {command line}
   size_t MaxHeapSize                              = 1073741824                                {product} {command line}
   size_t MaxNewSize                               = 357564416                                 {product} {ergonomic}
   size_t MinHeapDeltaBytes                        = 524288                                    {product} {ergonomic}
   size_t MinHeapSize                              = 104857600                                 {product} {command line}
   size_t NewSize                                  = 34603008                                  {product} {ergonomic}
    uintx NonNMethodCodeHeapSize                   = 5839372                                {pd product} {ergonomic}
    uintx NonProfiledCodeHeapSize                  = 122909434                              {pd product} {ergonomic}
   size_t OldSize                                  = 70254592                                  {product} {ergonomic}
    uintx ProfiledCodeHeapSize                     = 122909434                              {pd product} {ergonomic}
    uintx ReservedCodeCacheSize                    = 251658240                              {pd product} {ergonomic}
     bool SegmentedCodeCache                       = true                                      {product} {ergonomic}
   size_t SoftMaxHeapSize                          = 1073741824                             {manageable} {ergonomic}
     bool UseCompressedClassPointers               = true                           {product lp64_product} {ergonomic}
     bool UseCompressedOops                        = true                           {product lp64_product} {ergonomic}
     bool UseLargePagesIndividualAllocation        = false                                  {pd product} {ergonomic}
     bool UseParallelGC                            = true                                      {product} {command line}

Logging:
Log output configuration:
 #0: stdout all=off uptime,level,tags
 #1: stderr all=off uptime,level,tags

Environment Variables:
JAVA_HOME=C:\Program Files\dev\jdk-17
PATH=C:\Program Files\dev\jdk-17\bin;C:\Program Files\dev\jdk-17\lib;c:\Users\user\AppData\Local\Programs\cursor\resources\app\bin;C:\Program Files (x86)\NAT Service;C:\Windows\system32;C:\Windows;C:\Windows\System32\Wbem;C:\Windows\System32\WindowsPowerShell\v1.0\;C:\Windows\System32\OpenSSH\;C:\Program Files (x86)\NVIDIA Corporation\PhysX\Common;C:\Program Files\NVIDIA Corporation\NVIDIA NvDLISR;C:\Program Files\nodejs\;C:\Users\user\AppData\Local\Microsoft\WindowsApps;C:\Users\user\AppData\Local\afreeca;C:\Users\user\AppData\Roaming\npm;C:\Program Files\Bandizip\;C:\Program Files\PowerShell\7\;C:\Program Files\PuTTY\;C:\Program Files (x86)\NetSarang\Xshell 8\;C:\Program Files\dev\PortableGit\bin;C:\WINDOWS\system32;C:\WINDOWS;C:\WINDOWS\System32\Wbem;C:\WINDOWS\System32\WindowsPowerShell\v1.0\;C:\WINDOWS\System32\OpenSSH\;C:\Program Files\Git\cmd;;C:\Program Files\Docker\Docker\resources\bin;C:\Program Files\dev\jdk-17\bin;C:\Program Files\dev\jdk-17\lib;C:\Program Files\MySQL\MySQL Shell 8.0\bin\;C:\Python312\Scripts\;C:\Python312\;C:\Users\user\AppData\Local\Microsoft\WindowsApps;C:\Users\user\AppData\Local\afreeca;C:\Users\user\AppData\Local\Programs\Microsoft VS Code\bin;C:\Users\user\AppData\Roaming\npm;C:\Program Files\JetBrains\IntelliJ IDEA Community Edition 2024.2.3\bin;;C:\Users\user\AppData\Local\SOOP;C:\Program Files\JetBrains\IntelliJ IDEA 2024.3\bin;;C:\Users\user\AppData\Local\Programs\Windsurf\bin
USERNAME=user
TMPDIR=C:\Users\Public\Documents\ESTsoft\CreatorTemp
OS=Windows_NT
PROCESSOR_IDENTIFIER=Intel64 Family 6 Model 167 Stepping 1, GenuineIntel
TMP=C:\Users\user\AppData\Local\Temp
TEMP=C:\Users\user\AppData\Local\Temp



Periodic native trim disabled


---------------  S Y S T E M  ---------------

OS:
 Windows 11 , 64 bit Build 26100 (10.0.26100.2454)
OS uptime: 4 days 15:44 hours
Hyper-V role detected

CPU: total 12 (initial active 12) (6 cores per cpu, 2 threads per core) family 6 model 167 stepping 1 microcode 0x57, cx8, cmov, fxsr, ht, mmx, 3dnowpref, sse, sse2, sse3, ssse3, sse4.1, sse4.2, popcnt, lzcnt, tsc, tscinvbit, avx, avx2, aes, erms, clmul, bmi1, bmi2, adx, avx512f, avx512dq, avx512cd, avx512bw, avx512vl, sha, fma, vzeroupper, avx512_vpopcntdq, avx512_vpclmulqdq, avx512_vaes, avx512_vnni, clflush, clflushopt, avx512_vbmi2, avx512_vbmi, hv
Processor Information for all 12 processors :
  Max Mhz: 2601, Current Mhz: 2601, Mhz Limit: 2601

Memory: 4k page, system-wide physical 16267M (1499M free)
TotalPageFile size 65419M (AvailPageFile size 5M)
current process WorkingSet (physical memory assigned to process): 147M, peak: 147M
current process commit charge ("private bytes"): 253M, peak: 253M

vm_info: OpenJDK 64-Bit Server VM (17.0.13+11) for windows-amd64 JRE (17.0.13+11), built on Oct 16 2024 00:10:08 by "admin" with MS VC++ 17.7 (VS2022)

END.
