#
# There is insufficient memory for the Java Runtime Environment to continue.
# Native memory allocation (malloc) failed to allocate 1725456 bytes. Error detail: Chunk::new
# Possible reasons:
#   The system is out of physical RAM or swap space
#   This process is running with CompressedOops enabled, and the Java Heap may be blocking the growth of the native heap
# Possible solutions:
#   Reduce memory load on the system
#   Increase physical memory or swap space
#   Check if swap backing store is full
#   Decrease Java heap size (-Xmx/-Xms)
#   Decrease number of Java threads
#   Decrease Java thread stack sizes (-Xss)
#   Set larger code cache with -XX:ReservedCodeCacheSize=
#   JVM is running with Unscaled Compressed Oops mode in which the Java heap is
#     placed in the first 4GB address space. The Java Heap base address is the
#     maximum limit for the native heap growth. Please use -XX:HeapBaseMinAddress
#     to set the Java Heap base and to place the Java Heap above 4GB virtual address.
# This output file may be truncated or incomplete.
#
#  Out of Memory Error (arena.cpp:191), pid=24004, tid=34768
#
# JRE version: OpenJDK Runtime Environment Temurin-17.0.13+11 (17.0.13+11) (build 17.0.13+11)
# Java VM: OpenJDK 64-Bit Server VM Temurin-17.0.13+11 (17.0.13+11, mixed mode, tiered, compressed oops, compressed class ptrs, parallel gc, windows-amd64)
# No core dump will be written. Minidumps are not enabled by default on client versions of Windows
#

---------------  S U M M A R Y ------------

Command Line: --add-modules=ALL-SYSTEM --add-opens=java.base/java.util=ALL-UNNAMED --add-opens=java.base/java.lang=ALL-UNNAMED --add-opens=java.base/sun.nio.fs=ALL-UNNAMED -Declipse.application=org.eclipse.jdt.ls.core.id1 -Dosgi.bundles.defaultStartLevel=4 -Declipse.product=org.eclipse.jdt.ls.core.product -Djava.import.generatesMetadataFilesAtProjectRoot=false -DDetectVMInstallationsJob.disabled=true -Dfile.encoding=utf8 -XX:+UseParallelGC -XX:GCTimeRatio=4 -XX:AdaptiveSizePolicyWeight=90 -Dsun.zip.disableMemoryMapping=true -Xmx1G -Xms100m -Xlog:disable -javaagent:c:\Users\user\.cursor\extensions\redhat.java-1.38.0-win32-x64\lombok\lombok-1.18.34.jar -XX:+HeapDumpOnOutOfMemoryError -XX:HeapDumpPath=c:\Users\user\AppData\Roaming\Cursor\User\workspaceStorage\0e2028fd2e95f93941e0a180d63748fa\redhat.java -Daether.dependencyCollector.impl=bf c:\Users\user\.cursor\extensions\redhat.java-1.38.0-win32-x64\server\plugins\org.eclipse.equinox.launcher_1.6.900.v20240613-2009.jar -configuration c:\Users\user\AppData\Roaming\Cursor\User\globalStorage\redhat.java\1.38.0\config_win -data c:\Users\user\AppData\Roaming\Cursor\User\workspaceStorage\0e2028fd2e95f93941e0a180d63748fa\redhat.java\jdt_ws --pipe=\\.\pipe\lsp-5e1ebd7e49e532e73c3784c4d61191d3-sock

Host: 11th Gen Intel(R) Core(TM) i5-11400F @ 2.60GHz, 12 cores, 15G,  Windows 11 , 64 bit Build 26100 (10.0.26100.2454)
Time: Mon Jan 20 05:14:37 2025  Windows 11 , 64 bit Build 26100 (10.0.26100.2454) elapsed time: 37.887896 seconds (0d 0h 0m 37s)

---------------  T H R E A D  ---------------

Current thread (0x000001d81ec4c3f0):  JavaThread "C2 CompilerThread2" daemon [_thread_in_native, id=34768, stack(0x000000163ec00000,0x000000163ed00000)]


Current CompileTask:
C2:  37888 8952       4       lombok.eclipse.EclipseAST::buildStatement (57 bytes)

Stack: [0x000000163ec00000,0x000000163ed00000]
Native frames: (J=compiled Java code, j=interpreted, Vv=VM code, C=native code)
V  [jvm.dll+0x682a19]
V  [jvm.dll+0x839538]
V  [jvm.dll+0x83afe3]
V  [jvm.dll+0x83b653]
V  [jvm.dll+0x24704f]
V  [jvm.dll+0xace34]
V  [jvm.dll+0xad4cc]
V  [jvm.dll+0x36592f]
V  [jvm.dll+0x1ba793]
V  [jvm.dll+0x2181a7]
V  [jvm.dll+0x21748f]
V  [jvm.dll+0x1a3070]
V  [jvm.dll+0x22788c]
V  [jvm.dll+0x2259eb]
V  [jvm.dll+0x7eec98]
V  [jvm.dll+0x7e8ffc]
V  [jvm.dll+0x6818f7]
C  [ucrtbase.dll+0x14ea0]
C  [KERNEL32.DLL+0x2e8d7]
C  [ntdll.dll+0xdfbcc]


---------------  P R O C E S S  ---------------

Threads class SMR info:
_java_thread_list=0x000001d827853360, length=76, elements={
0x000001d87fead240, 0x000001d819088020, 0x000001d81908ae20, 0x000001d8190a26c0,
0x000001d8190c7000, 0x000001d8190e1400, 0x000001d8190e3ce0, 0x000001d8190e48e0,
0x000001d8190efae0, 0x000001d819109f10, 0x000001d87ff10530, 0x000001d81a602a40,
0x000001d81ae8d760, 0x000001d81b26b2e0, 0x000001d81b2ad030, 0x000001d81b2ad8e0,
0x000001d81b42f820, 0x000001d81b42d050, 0x000001d81b42b1f0, 0x000001d81b4298a0,
0x000001d81b429db0, 0x000001d81b42cb40, 0x000001d81b42a2c0, 0x000001d81b42a7d0,
0x000001d81b42ace0, 0x000001d81b42c120, 0x000001d81b42c630, 0x000001d81bcb93d0,
0x000001d81bcb7a80, 0x000001d81bcb9df0, 0x000001d81bcba810, 0x000001d81bcb98e0,
0x000001d81bcba300, 0x000001d81bcb7060, 0x000001d81bcb84a0, 0x000001d81bcb7570,
0x000001d81bcb89b0, 0x000001d81bcb7f90, 0x000001d81bcb8ec0, 0x000001d81ecfdae0,
0x000001d81ecfdff0, 0x000001d81ecfd5d0, 0x000001d81ecfc6a0, 0x000001d81ecfe500,
0x000001d81ecfcbb0, 0x000001d81ecfb770, 0x000001d81ecfad50, 0x000001d81ecfbc80,
0x000001d81ecfea10, 0x000001d81ed00870, 0x000001d81ecff940, 0x000001d81ecfef20,
0x000001d81ecff430, 0x000001d81ecffe50, 0x000001d81ed00360, 0x000001d81ecfd0c0,
0x000001d81ed01cb0, 0x000001d81ed00d80, 0x000001d81ed01290, 0x000001d81ed017a0,
0x000001d81ed021c0, 0x000001d81b42b700, 0x000001d81b42bc10, 0x000001d81c5a1930,
0x000001d81c5a2350, 0x000001d81c5a1e40, 0x000001d81c59fad0, 0x000001d81c5a2860,
0x000001d81c5a1420, 0x000001d81c59f0b0, 0x000001d81c5a2d70, 0x000001d81c59f5c0,
0x000001d81c59ffe0, 0x000001d81b5aab60, 0x000001d81ec4c3f0, 0x000001d81c5a3280
}

Java Threads: ( => current thread )
  0x000001d87fead240 JavaThread "main" [_thread_blocked, id=39028, stack(0x000000163c800000,0x000000163c900000)]
  0x000001d819088020 JavaThread "Reference Handler" daemon [_thread_blocked, id=34424, stack(0x000000163cb00000,0x000000163cc00000)]
  0x000001d81908ae20 JavaThread "Finalizer" daemon [_thread_blocked, id=26104, stack(0x000000163cc00000,0x000000163cd00000)]
  0x000001d8190a26c0 JavaThread "Signal Dispatcher" daemon [_thread_blocked, id=28000, stack(0x000000163cd00000,0x000000163ce00000)]
  0x000001d8190c7000 JavaThread "Attach Listener" daemon [_thread_blocked, id=39200, stack(0x000000163ce00000,0x000000163cf00000)]
  0x000001d8190e1400 JavaThread "Service Thread" daemon [_thread_blocked, id=35808, stack(0x000000163cf00000,0x000000163d000000)]
  0x000001d8190e3ce0 JavaThread "Monitor Deflation Thread" daemon [_thread_blocked, id=31188, stack(0x000000163d000000,0x000000163d100000)]
  0x000001d8190e48e0 JavaThread "C2 CompilerThread0" daemon [_thread_in_native, id=3772, stack(0x000000163d100000,0x000000163d200000)]
  0x000001d8190efae0 JavaThread "C1 CompilerThread0" daemon [_thread_blocked, id=36560, stack(0x000000163d200000,0x000000163d300000)]
  0x000001d819109f10 JavaThread "Sweeper thread" daemon [_thread_blocked, id=22832, stack(0x000000163d300000,0x000000163d400000)]
  0x000001d87ff10530 JavaThread "Common-Cleaner" daemon [_thread_blocked, id=27832, stack(0x000000163d400000,0x000000163d500000)]
  0x000001d81a602a40 JavaThread "Notification Thread" daemon [_thread_blocked, id=24240, stack(0x000000163d600000,0x000000163d700000)]
  0x000001d81ae8d760 JavaThread "Active Thread: Equinox Container: 85d6cb26-544d-4378-879f-e9b84c2b0d91" [_thread_blocked, id=31940, stack(0x000000163df00000,0x000000163e000000)]
  0x000001d81b26b2e0 JavaThread "Refresh Thread: Equinox Container: 85d6cb26-544d-4378-879f-e9b84c2b0d91" daemon [_thread_blocked, id=40600, stack(0x000000163d500000,0x000000163d600000)]
  0x000001d81b2ad030 JavaThread "Framework Event Dispatcher: Equinox Container: 85d6cb26-544d-4378-879f-e9b84c2b0d91" daemon [_thread_blocked, id=24704, stack(0x000000163d800000,0x000000163d900000)]
  0x000001d81b2ad8e0 JavaThread "Start Level: Equinox Container: 85d6cb26-544d-4378-879f-e9b84c2b0d91" daemon [_thread_blocked, id=31848, stack(0x000000163e000000,0x000000163e100000)]
  0x000001d81b42f820 JavaThread "Bundle File Closer" daemon [_thread_blocked, id=28408, stack(0x000000163e300000,0x000000163e400000)]
  0x000001d81b42d050 JavaThread "SCR Component Actor" daemon [_thread_blocked, id=38028, stack(0x000000163e600000,0x000000163e700000)]
  0x000001d81b42b1f0 JavaThread "Worker-JM" [_thread_blocked, id=36624, stack(0x000000163e200000,0x000000163e300000)]
  0x000001d81b4298a0 JavaThread "JNA Cleaner" daemon [_thread_blocked, id=34060, stack(0x000000163e800000,0x000000163e900000)]
  0x000001d81b429db0 JavaThread "Worker-0" [_thread_blocked, id=25580, stack(0x000000163e900000,0x000000163ea00000)]
  0x000001d81b42cb40 JavaThread "Worker-1: Initialize workspace" [_thread_blocked, id=27884, stack(0x000000163ea00000,0x000000163eb00000)]
  0x000001d81b42a2c0 JavaThread "Java indexing" daemon [_thread_blocked, id=37092, stack(0x000000163ed00000,0x000000163ee00000)]
  0x000001d81b42a7d0 JavaThread "Worker-2" [_thread_blocked, id=34264, stack(0x000000163ee00000,0x000000163ef00000)]
  0x000001d81b42ace0 JavaThread "Worker-3: Java indexing... " [_thread_blocked, id=25728, stack(0x000000163ef00000,0x000000163f000000)]
  0x000001d81b42c120 JavaThread "Thread-2" daemon [_thread_in_native, id=31900, stack(0x000000163f200000,0x000000163f300000)]
  0x000001d81b42c630 JavaThread "Thread-3" daemon [_thread_in_native, id=29780, stack(0x000000163f300000,0x000000163f400000)]
  0x000001d81bcb93d0 JavaThread "Thread-4" daemon [_thread_in_native, id=25844, stack(0x000000163f400000,0x000000163f500000)]
  0x000001d81bcb7a80 JavaThread "Thread-5" daemon [_thread_in_native, id=23472, stack(0x000000163f500000,0x000000163f600000)]
  0x000001d81bcb9df0 JavaThread "Thread-6" daemon [_thread_in_native, id=38236, stack(0x000000163f600000,0x000000163f700000)]
  0x000001d81bcba810 JavaThread "Thread-7" daemon [_thread_in_native, id=11440, stack(0x000000163f700000,0x000000163f800000)]
  0x000001d81bcb98e0 JavaThread "Thread-8" daemon [_thread_in_native, id=8064, stack(0x000000163f800000,0x000000163f900000)]
  0x000001d81bcba300 JavaThread "Thread-9" daemon [_thread_in_native, id=39984, stack(0x000000163f900000,0x000000163fa00000)]
  0x000001d81bcb7060 JavaThread "Thread-10" daemon [_thread_in_native, id=39924, stack(0x000000163fa00000,0x000000163fb00000)]
  0x000001d81bcb84a0 JavaThread "Thread-11" daemon [_thread_in_native, id=37368, stack(0x000000163fb00000,0x000000163fc00000)]
  0x000001d81bcb7570 JavaThread "Thread-12" daemon [_thread_in_native, id=40932, stack(0x000000163fc00000,0x000000163fd00000)]
  0x000001d81bcb89b0 JavaThread "Thread-13" daemon [_thread_in_native, id=3788, stack(0x000000163fd00000,0x000000163fe00000)]
  0x000001d81bcb7f90 JavaThread "Thread-14" daemon [_thread_in_native, id=40176, stack(0x000000163fe00000,0x000000163ff00000)]
  0x000001d81bcb8ec0 JavaThread "pool-2-thread-1" [_thread_blocked, id=34932, stack(0x000000163ff00000,0x0000001640000000)]
  0x000001d81ecfdae0 JavaThread "Worker-4" [_thread_blocked, id=27292, stack(0x0000001640000000,0x0000001640100000)]
  0x000001d81ecfdff0 JavaThread "WorkspaceEventsHandler" [_thread_blocked, id=39464, stack(0x0000001640100000,0x0000001640200000)]
  0x000001d81ecfd5d0 JavaThread "pool-1-thread-1" [_thread_in_vm, id=40492, stack(0x0000001640200000,0x0000001640300000)]
  0x000001d81ecfc6a0 JavaThread "Worker-5" [_thread_blocked, id=33116, stack(0x0000001640300000,0x0000001640400000)]
  0x000001d81ecfe500 JavaThread "LocalFile Deleter" daemon [_thread_blocked, id=27120, stack(0x0000001640400000,0x0000001640500000)]
  0x000001d81ecfcbb0 JavaThread "LocalFile Deleter" daemon [_thread_blocked, id=23912, stack(0x0000001640500000,0x0000001640600000)]
  0x000001d81ecfb770 JavaThread "LocalFile Deleter" daemon [_thread_blocked, id=39172, stack(0x0000001640600000,0x0000001640700000)]
  0x000001d81ecfad50 JavaThread "LocalFile Deleter" daemon [_thread_blocked, id=15960, stack(0x0000001640700000,0x0000001640800000)]
  0x000001d81ecfbc80 JavaThread "LocalFile Deleter" daemon [_thread_blocked, id=3032, stack(0x0000001640800000,0x0000001640900000)]
  0x000001d81ecfea10 JavaThread "Compiler Source File Reader" daemon [_thread_blocked, id=14536, stack(0x0000001640900000,0x0000001640a00000)]
  0x000001d81ed00870 JavaThread "Compiler Source File Reader" daemon [_thread_blocked, id=38456, stack(0x0000001640a00000,0x0000001640b00000)]
  0x000001d81ecff940 JavaThread "Compiler Source File Reader" daemon [_thread_blocked, id=38036, stack(0x0000001640b00000,0x0000001640c00000)]
  0x000001d81ecfef20 JavaThread "Compiler Source File Reader" daemon [_thread_blocked, id=38276, stack(0x0000001640c00000,0x0000001640d00000)]
  0x000001d81ecff430 JavaThread "Compiler Source File Reader" daemon [_thread_blocked, id=27892, stack(0x0000001640d00000,0x0000001640e00000)]
  0x000001d81ecffe50 JavaThread "Compiler Source File Reader" daemon [_thread_blocked, id=26084, stack(0x0000001640e00000,0x0000001640f00000)]
  0x000001d81ed00360 JavaThread "Compiler Source File Reader" daemon [_thread_blocked, id=7272, stack(0x0000001640f00000,0x0000001641000000)]
  0x000001d81ecfd0c0 JavaThread "Compiler Source File Reader" daemon [_thread_blocked, id=32656, stack(0x0000001641000000,0x0000001641100000)]
  0x000001d81ed01cb0 JavaThread "Compiler Source File Reader" daemon [_thread_blocked, id=38096, stack(0x0000001641100000,0x0000001641200000)]
  0x000001d81ed00d80 JavaThread "Compiler Source File Reader" daemon [_thread_blocked, id=19032, stack(0x0000001641200000,0x0000001641300000)]
  0x000001d81ed01290 JavaThread "LocalFile Deleter" daemon [_thread_blocked, id=36140, stack(0x000000163e700000,0x000000163e800000)]
  0x000001d81ed017a0 JavaThread "LocalFile Deleter" daemon [_thread_blocked, id=17060, stack(0x0000001641300000,0x0000001641400000)]
  0x000001d81ed021c0 JavaThread "LocalFile Deleter" daemon [_thread_blocked, id=34316, stack(0x0000001641400000,0x0000001641500000)]
  0x000001d81b42b700 JavaThread "Compiler Processing Task" daemon [_thread_blocked, id=37492, stack(0x0000001641500000,0x0000001641600000)]
  0x000001d81b42bc10 JavaThread "Compiler Class File Writer" daemon [_thread_blocked, id=35124, stack(0x0000001641600000,0x0000001641700000)]
  0x000001d81c5a1930 JavaThread "Compiler Class File Writer" daemon [_thread_blocked, id=17996, stack(0x0000001641700000,0x0000001641800000)]
  0x000001d81c5a2350 JavaThread "Compiler Class File Writer" daemon [_thread_blocked, id=40760, stack(0x0000001641800000,0x0000001641900000)]
  0x000001d81c5a1e40 JavaThread "Compiler Class File Writer" daemon [_thread_blocked, id=1424, stack(0x0000001641900000,0x0000001641a00000)]
  0x000001d81c59fad0 JavaThread "Compiler Class File Writer" daemon [_thread_blocked, id=8260, stack(0x0000001641a00000,0x0000001641b00000)]
  0x000001d81c5a2860 JavaThread "Compiler Class File Writer" daemon [_thread_blocked, id=3368, stack(0x0000001641b00000,0x0000001641c00000)]
  0x000001d81c5a1420 JavaThread "Compiler Class File Writer" daemon [_thread_blocked, id=33812, stack(0x0000001641c00000,0x0000001641d00000)]
  0x000001d81c59f0b0 JavaThread "Compiler Class File Writer" daemon [_thread_blocked, id=19832, stack(0x0000001641d00000,0x0000001641e00000)]
  0x000001d81c5a2d70 JavaThread "Compiler Class File Writer" daemon [_thread_blocked, id=31792, stack(0x0000001641e00000,0x0000001641f00000)]
  0x000001d81c59f5c0 JavaThread "Compiler Class File Writer" daemon [_thread_blocked, id=19580, stack(0x0000001641f00000,0x0000001642000000)]
  0x000001d81c59ffe0 JavaThread "pool-3-thread-1" [_thread_blocked, id=27200, stack(0x0000001642000000,0x0000001642100000)]
  0x000001d81b5aab60 JavaThread "C2 CompilerThread1" daemon [_thread_in_native, id=39392, stack(0x000000163eb00000,0x000000163ec00000)]
=>0x000001d81ec4c3f0 JavaThread "C2 CompilerThread2" daemon [_thread_in_native, id=34768, stack(0x000000163ec00000,0x000000163ed00000)]
  0x000001d81c5a3280 JavaThread "ForkJoinPool.commonPool-worker-1" daemon [_thread_blocked, id=34132, stack(0x0000001642100000,0x0000001642200000)]

Other Threads:
  0x000001d87ff37740 VMThread "VM Thread" [stack: 0x000000163ca00000,0x000000163cb00000] [id=40392]
  0x000001d81935d030 WatcherThread [stack: 0x000000163d700000,0x000000163d800000] [id=24444]
  0x000001d87fec2350 GCTaskThread "GC Thread#0" [stack: 0x000000163c900000,0x000000163ca00000] [id=14024]
  0x000001d81a9edcb0 GCTaskThread "GC Thread#1" [stack: 0x000000163d900000,0x000000163da00000] [id=38812]
  0x000001d81aa06840 GCTaskThread "GC Thread#2" [stack: 0x000000163da00000,0x000000163db00000] [id=40356]
  0x000001d81a9ed5c0 GCTaskThread "GC Thread#3" [stack: 0x000000163db00000,0x000000163dc00000] [id=40024]
  0x000001d81ad3bf70 GCTaskThread "GC Thread#4" [stack: 0x000000163dc00000,0x000000163dd00000] [id=3912]
  0x000001d81ad3c230 GCTaskThread "GC Thread#5" [stack: 0x000000163dd00000,0x000000163de00000] [id=432]
  0x000001d81ad3c4f0 GCTaskThread "GC Thread#6" [stack: 0x000000163de00000,0x000000163df00000] [id=29848]
  0x000001d81af4f270 GCTaskThread "GC Thread#7" [stack: 0x000000163e100000,0x000000163e200000] [id=27236]
  0x000001d81af265a0 GCTaskThread "GC Thread#8" [stack: 0x000000163e400000,0x000000163e500000] [id=40124]
  0x000001d81b126ff0 GCTaskThread "GC Thread#9" [stack: 0x000000163e500000,0x000000163e600000] [id=38032]

Threads with active compile tasks:
C2 CompilerThread0    37946 8974       4       lombok.core.AST::buildWithField (21 bytes)
C1 CompilerThread0    37946 9335       3       com.google.gson.stream.JsonReader::nextQuotedValue (294 bytes)
C2 CompilerThread1    37947 9118       4       org.eclipse.jdt.internal.compiler.parser.Parser::consumeRule (7871 bytes)
C2 CompilerThread2    37947 8952       4       lombok.eclipse.EclipseAST::buildStatement (57 bytes)

VM state: not at safepoint (normal execution)

VM Mutex/Monitor currently owned by a thread: None

Heap address: 0x00000000c0000000, size: 1024 MB, Compressed Oops mode: 32-bit

CDS archive(s) not mapped
Compressed class space mapped at: 0x0000000100000000-0x0000000140000000, reserved size: 1073741824
Narrow klass base: 0x0000000000000000, Narrow klass shift: 3, Narrow klass range: 0x140000000

GC Precious Log:
 CPUs: 12 total, 12 available
 Memory: 16267M
 Large Page Support: Disabled
 NUMA Support: Disabled
 Compressed Oops: Enabled (32-bit)
 Alignments: Space 512K, Generation 512K, Heap 2M
 Heap Min Capacity: 100M
 Heap Initial Capacity: 100M
 Heap Max Capacity: 1G
 Pre-touch: Disabled
 Parallel Workers: 10

Heap:
 PSYoungGen      total 9216K, used 3651K [0x00000000eab00000, 0x00000000ebe00000, 0x0000000100000000)
  eden space 6144K, 13% used [0x00000000eab00000,0x00000000eabcf0d8,0x00000000eb100000)
  from space 3072K, 91% used [0x00000000eb100000,0x00000000eb3c1e30,0x00000000eb400000)
  to   space 6144K, 0% used [0x00000000eb800000,0x00000000eb800000,0x00000000ebe00000)
 ParOldGen       total 699392K, used 294716K [0x00000000c0000000, 0x00000000eab00000, 0x00000000eab00000)
  object space 699392K, 42% used [0x00000000c0000000,0x00000000d1fcf090,0x00000000eab00000)
 Metaspace       used 66996K, committed 68160K, reserved 1114112K
  class space    used 7055K, committed 7552K, reserved 1048576K

Card table byte_map: [0x000001d87f840000,0x000001d87fa50000] _byte_map_base: 0x000001d87f240000

Marking Bits: (ParMarkBitMap*) 0x00007ffa4a656940
 Begin Bits: [0x000001d811be0000, 0x000001d812be0000)
 End Bits:   [0x000001d812be0000, 0x000001d813be0000)

Polling page: 0x000001d87de20000

Metaspace:

Usage:
  Non-class:     58.54 MB used.
      Class:      6.89 MB used.
       Both:     65.43 MB used.

Virtual space:
  Non-class space:       64.00 MB reserved,      59.19 MB ( 92%) committed,  1 nodes.
      Class space:        1.00 GB reserved,       7.38 MB ( <1%) committed,  1 nodes.
             Both:        1.06 GB reserved,      66.56 MB (  6%) committed. 

Chunk freelists:
   Non-Class:  4.81 MB
       Class:  8.44 MB
        Both:  13.25 MB

MaxMetaspaceSize: unlimited
CompressedClassSpaceSize: 1.00 GB
Initial GC threshold: 21.00 MB
Current GC threshold: 106.88 MB
CDS: off
MetaspaceReclaimPolicy: balanced
 - commit_granule_bytes: 65536.
 - commit_granule_words: 8192.
 - virtual_space_node_default_size: 8388608.
 - enlarge_chunks_in_place: 1.
 - new_chunks_are_fully_committed: 0.
 - uncommit_free_chunks: 1.
 - use_allocation_guard: 0.
 - handle_deallocations: 1.


Internal statistics:

num_allocs_failed_limit: 9.
num_arena_births: 714.
num_arena_deaths: 22.
num_vsnodes_births: 2.
num_vsnodes_deaths: 0.
num_space_committed: 1065.
num_space_uncommitted: 0.
num_chunks_returned_to_freelist: 32.
num_chunks_taken_from_freelist: 3527.
num_chunk_merges: 12.
num_chunk_splits: 2117.
num_chunks_enlarged: 1164.
num_inconsistent_stats: 0.

CodeHeap 'non-profiled nmethods': size=120000Kb used=5264Kb max_used=5264Kb free=114735Kb
 bounds [0x000001d80a6b0000, 0x000001d80abe0000, 0x000001d811be0000]
CodeHeap 'profiled nmethods': size=120000Kb used=16011Kb max_used=16223Kb free=103988Kb
 bounds [0x000001d802be0000, 0x000001d803bc0000, 0x000001d80a110000]
CodeHeap 'non-nmethods': size=5760Kb used=1386Kb max_used=1475Kb free=4373Kb
 bounds [0x000001d80a110000, 0x000001d80a380000, 0x000001d80a6b0000]
 total_blobs=8476 nmethods=7758 adapters=631
 compilation: enabled
              stopped_count=0, restarted_count=0
 full_count=0

Compilation events (20 events):
Event: 35.856 Thread 0x000001d8190efae0 9230       2       com.sun.org.apache.xerces.internal.utils.XMLSecurityPropertyManager$Property::values (10 bytes)
Event: 35.856 Thread 0x000001d8190efae0 nmethod 9230 0x000001d80398a390 code [0x000001d80398a540, 0x000001d80398a688]
Event: 35.856 Thread 0x000001d8190efae0 9231   !   2       com.sun.org.apache.xerces.internal.utils.XMLSecurityPropertyManager::getSystemProperty (68 bytes)
Event: 35.857 Thread 0x000001d8190efae0 nmethod 9231 0x000001d8031e0d90 code [0x000001d8031e0fa0, 0x000001d8031e1518]
Event: 35.857 Thread 0x000001d8190efae0 9232       2       com.sun.org.apache.xerces.internal.impl.XMLEntityScanner::scanName (329 bytes)
Event: 35.857 Thread 0x000001d8190efae0 nmethod 9232 0x000001d8034ff390 code [0x000001d8034ff5e0, 0x000001d8034ffbe8]
Event: 35.857 Thread 0x000001d8190efae0 9233       2       com.sun.org.apache.xerces.internal.dom.DeferredDocumentImpl::getNodeObject (497 bytes)
Event: 35.859 Thread 0x000001d8190efae0 nmethod 9233 0x000001d8035acb90 code [0x000001d8035acea0, 0x000001d8035add88]
Event: 35.859 Thread 0x000001d8190efae0 9234       2       sun.nio.fs.WindowsPath::resolve (393 bytes)
Event: 35.861 Thread 0x000001d8190efae0 nmethod 9234 0x000001d803444a90 code [0x000001d803444f00, 0x000001d803446168]
Event: 35.862 Thread 0x000001d8190efae0 9235       2       sun.nio.fs.WindowsPath::resolve (6 bytes)
Event: 35.862 Thread 0x000001d8190efae0 nmethod 9235 0x000001d803a18810 code [0x000001d803a189a0, 0x000001d803a18ac8]
Event: 35.863 Thread 0x000001d8190efae0 9236       2       com.google.gson.internal.LinkedTreeMap$EntrySet$1::next (5 bytes)
Event: 35.863 Thread 0x000001d8190efae0 nmethod 9236 0x000001d8031e0990 code [0x000001d8031e0b20, 0x000001d8031e0c48]
Event: 35.863 Thread 0x000001d8190efae0 9237       2       com.google.gson.internal.LinkedTreeMap$EntrySet$1::next (5 bytes)
Event: 35.863 Thread 0x000001d8190efae0 nmethod 9237 0x000001d802c23e10 code [0x000001d802c23fa0, 0x000001d802c240c8]
Event: 35.863 Thread 0x000001d8190efae0 9238       2       com.google.gson.internal.LinkedTreeMap$LinkedTreeMapIterator::nextNode (61 bytes)
Event: 35.863 Thread 0x000001d8190efae0 nmethod 9238 0x000001d8034fed90 code [0x000001d8034fef40, 0x000001d8034ff1f8]
Event: 35.863 Thread 0x000001d8190efae0 9239       2       java.nio.charset.CharsetDecoder::<init> (10 bytes)
Event: 35.863 Thread 0x000001d8190efae0 nmethod 9239 0x000001d803444510 code [0x000001d8034446a0, 0x000001d8034447c8]

GC Heap History (20 events):
Event: 33.021 GC heap after
{Heap after GC invocations=174 (full 10):
 PSYoungGen      total 13312K, used 2551K [0x00000000eab00000, 0x00000000ebb00000, 0x0000000100000000)
  eden space 10752K, 0% used [0x00000000eab00000,0x00000000eab00000,0x00000000eb580000)
  from space 2560K, 99% used [0x00000000eb880000,0x00000000ebafdcf0,0x00000000ebb00000)
  to   space 3072K, 0% used [0x00000000eb580000,0x00000000eb580000,0x00000000eb880000)
 ParOldGen       total 699392K, used 256642K [0x00000000c0000000, 0x00000000eab00000, 0x00000000eab00000)
  object space 699392K, 36% used [0x00000000c0000000,0x00000000cfaa08e0,0x00000000eab00000)
 Metaspace       used 65376K, committed 66432K, reserved 1114112K
  class space    used 6919K, committed 7360K, reserved 1048576K
}
Event: 33.047 GC heap before
{Heap before GC invocations=175 (full 10):
 PSYoungGen      total 13312K, used 13303K [0x00000000eab00000, 0x00000000ebb00000, 0x0000000100000000)
  eden space 10752K, 100% used [0x00000000eab00000,0x00000000eb580000,0x00000000eb580000)
  from space 2560K, 99% used [0x00000000eb880000,0x00000000ebafdcf0,0x00000000ebb00000)
  to   space 3072K, 0% used [0x00000000eb580000,0x00000000eb580000,0x00000000eb880000)
 ParOldGen       total 699392K, used 256642K [0x00000000c0000000, 0x00000000eab00000, 0x00000000eab00000)
  object space 699392K, 36% used [0x00000000c0000000,0x00000000cfaa08e0,0x00000000eab00000)
 Metaspace       used 65424K, committed 66560K, reserved 1114112K
  class space    used 6925K, committed 7424K, reserved 1048576K
}
Event: 33.051 GC heap after
{Heap after GC invocations=175 (full 10):
 PSYoungGen      total 13824K, used 3047K [0x00000000eab00000, 0x00000000ec400000, 0x0000000100000000)
  eden space 10752K, 0% used [0x00000000eab00000,0x00000000eab00000,0x00000000eb580000)
  from space 3072K, 99% used [0x00000000eb580000,0x00000000eb879d08,0x00000000eb880000)
  to   space 6656K, 0% used [0x00000000ebd80000,0x00000000ebd80000,0x00000000ec400000)
 ParOldGen       total 699392K, used 259467K [0x00000000c0000000, 0x00000000eab00000, 0x00000000eab00000)
  object space 699392K, 37% used [0x00000000c0000000,0x00000000cfd62d38,0x00000000eab00000)
 Metaspace       used 65424K, committed 66560K, reserved 1114112K
  class space    used 6925K, committed 7424K, reserved 1048576K
}
Event: 33.079 GC heap before
{Heap before GC invocations=176 (full 10):
 PSYoungGen      total 13824K, used 13799K [0x00000000eab00000, 0x00000000ec400000, 0x0000000100000000)
  eden space 10752K, 100% used [0x00000000eab00000,0x00000000eb580000,0x00000000eb580000)
  from space 3072K, 99% used [0x00000000eb580000,0x00000000eb879d08,0x00000000eb880000)
  to   space 6656K, 0% used [0x00000000ebd80000,0x00000000ebd80000,0x00000000ec400000)
 ParOldGen       total 699392K, used 259467K [0x00000000c0000000, 0x00000000eab00000, 0x00000000eab00000)
  object space 699392K, 37% used [0x00000000c0000000,0x00000000cfd62d38,0x00000000eab00000)
 Metaspace       used 65444K, committed 66624K, reserved 1114112K
  class space    used 6925K, committed 7424K, reserved 1048576K
}
Event: 33.083 GC heap after
{Heap after GC invocations=176 (full 10):
 PSYoungGen      total 15872K, used 3429K [0x00000000eab00000, 0x00000000ec100000, 0x0000000100000000)
  eden space 12288K, 0% used [0x00000000eab00000,0x00000000eab00000,0x00000000eb700000)
  from space 3584K, 95% used [0x00000000ebd80000,0x00000000ec0d9448,0x00000000ec100000)
  to   space 4608K, 0% used [0x00000000eb800000,0x00000000eb800000,0x00000000ebc80000)
 ParOldGen       total 699392K, used 262330K [0x00000000c0000000, 0x00000000eab00000, 0x00000000eab00000)
  object space 699392K, 37% used [0x00000000c0000000,0x00000000d002e800,0x00000000eab00000)
 Metaspace       used 65444K, committed 66624K, reserved 1114112K
  class space    used 6925K, committed 7424K, reserved 1048576K
}
Event: 33.103 GC heap before
{Heap before GC invocations=177 (full 10):
 PSYoungGen      total 15872K, used 15717K [0x00000000eab00000, 0x00000000ec100000, 0x0000000100000000)
  eden space 12288K, 100% used [0x00000000eab00000,0x00000000eb700000,0x00000000eb700000)
  from space 3584K, 95% used [0x00000000ebd80000,0x00000000ec0d9448,0x00000000ec100000)
  to   space 4608K, 0% used [0x00000000eb800000,0x00000000eb800000,0x00000000ebc80000)
 ParOldGen       total 699392K, used 262330K [0x00000000c0000000, 0x00000000eab00000, 0x00000000eab00000)
  object space 699392K, 37% used [0x00000000c0000000,0x00000000d002e800,0x00000000eab00000)
 Metaspace       used 65456K, committed 66624K, reserved 1114112K
  class space    used 6925K, committed 7424K, reserved 1048576K
}
Event: 33.108 GC heap after
{Heap after GC invocations=177 (full 10):
 PSYoungGen      total 17920K, used 4313K [0x00000000eab00000, 0x00000000ec180000, 0x0000000100000000)
  eden space 13312K, 0% used [0x00000000eab00000,0x00000000eab00000,0x00000000eb800000)
  from space 4608K, 93% used [0x00000000eb800000,0x00000000ebc364b8,0x00000000ebc80000)
  to   space 4608K, 0% used [0x00000000ebd00000,0x00000000ebd00000,0x00000000ec180000)
 ParOldGen       total 699392K, used 265475K [0x00000000c0000000, 0x00000000eab00000, 0x00000000eab00000)
  object space 699392K, 37% used [0x00000000c0000000,0x00000000d0340f98,0x00000000eab00000)
 Metaspace       used 65456K, committed 66624K, reserved 1114112K
  class space    used 6925K, committed 7424K, reserved 1048576K
}
Event: 33.142 GC heap before
{Heap before GC invocations=178 (full 10):
 PSYoungGen      total 17920K, used 17625K [0x00000000eab00000, 0x00000000ec180000, 0x0000000100000000)
  eden space 13312K, 100% used [0x00000000eab00000,0x00000000eb800000,0x00000000eb800000)
  from space 4608K, 93% used [0x00000000eb800000,0x00000000ebc364b8,0x00000000ebc80000)
  to   space 4608K, 0% used [0x00000000ebd00000,0x00000000ebd00000,0x00000000ec180000)
 ParOldGen       total 699392K, used 265475K [0x00000000c0000000, 0x00000000eab00000, 0x00000000eab00000)
  object space 699392K, 37% used [0x00000000c0000000,0x00000000d0340f98,0x00000000eab00000)
 Metaspace       used 65490K, committed 66688K, reserved 1114112K
  class space    used 6928K, committed 7424K, reserved 1048576K
}
Event: 33.148 GC heap after
{Heap after GC invocations=178 (full 10):
 PSYoungGen      total 12288K, used 4592K [0x00000000eab00000, 0x00000000ecf00000, 0x0000000100000000)
  eden space 7680K, 0% used [0x00000000eab00000,0x00000000eab00000,0x00000000eb280000)
  from space 4608K, 99% used [0x00000000ebd00000,0x00000000ec17c130,0x00000000ec180000)
  to   space 10752K, 0% used [0x00000000eb280000,0x00000000eb280000,0x00000000ebd00000)
 ParOldGen       total 699392K, used 270396K [0x00000000c0000000, 0x00000000eab00000, 0x00000000eab00000)
  object space 699392K, 38% used [0x00000000c0000000,0x00000000d080f3f0,0x00000000eab00000)
 Metaspace       used 65490K, committed 66688K, reserved 1114112K
  class space    used 6928K, committed 7424K, reserved 1048576K
}
Event: 33.187 GC heap before
{Heap before GC invocations=179 (full 10):
 PSYoungGen      total 12288K, used 12272K [0x00000000eab00000, 0x00000000ecf00000, 0x0000000100000000)
  eden space 7680K, 100% used [0x00000000eab00000,0x00000000eb280000,0x00000000eb280000)
  from space 4608K, 99% used [0x00000000ebd00000,0x00000000ec17c130,0x00000000ec180000)
  to   space 10752K, 0% used [0x00000000eb280000,0x00000000eb280000,0x00000000ebd00000)
 ParOldGen       total 699392K, used 270396K [0x00000000c0000000, 0x00000000eab00000, 0x00000000eab00000)
  object space 699392K, 38% used [0x00000000c0000000,0x00000000d080f3f0,0x00000000eab00000)
 Metaspace       used 65536K, committed 66752K, reserved 1114112K
  class space    used 6935K, committed 7488K, reserved 1048576K
}
Event: 33.193 GC heap after
{Heap after GC invocations=179 (full 10):
 PSYoungGen      total 10752K, used 2858K [0x00000000eab00000, 0x00000000ebe80000, 0x0000000100000000)
  eden space 7680K, 0% used [0x00000000eab00000,0x00000000eab00000,0x00000000eb280000)
  from space 3072K, 93% used [0x00000000eb280000,0x00000000eb54a9a8,0x00000000eb580000)
  to   space 5632K, 0% used [0x00000000eb900000,0x00000000eb900000,0x00000000ebe80000)
 ParOldGen       total 699392K, used 274951K [0x00000000c0000000, 0x00000000eab00000, 0x00000000eab00000)
  object space 699392K, 39% used [0x00000000c0000000,0x00000000d0c81d00,0x00000000eab00000)
 Metaspace       used 65536K, committed 66752K, reserved 1114112K
  class space    used 6935K, committed 7488K, reserved 1048576K
}
Event: 33.363 GC heap before
{Heap before GC invocations=180 (full 10):
 PSYoungGen      total 10752K, used 10538K [0x00000000eab00000, 0x00000000ebe80000, 0x0000000100000000)
  eden space 7680K, 100% used [0x00000000eab00000,0x00000000eb280000,0x00000000eb280000)
  from space 3072K, 93% used [0x00000000eb280000,0x00000000eb54a9a8,0x00000000eb580000)
  to   space 5632K, 0% used [0x00000000eb900000,0x00000000eb900000,0x00000000ebe80000)
 ParOldGen       total 699392K, used 274951K [0x00000000c0000000, 0x00000000eab00000, 0x00000000eab00000)
  object space 699392K, 39% used [0x00000000c0000000,0x00000000d0c81d00,0x00000000eab00000)
 Metaspace       used 65750K, committed 66944K, reserved 1114112K
  class space    used 6963K, committed 7488K, reserved 1048576K
}
Event: 33.367 GC heap after
{Heap after GC invocations=180 (full 10):
 PSYoungGen      total 11776K, used 2691K [0x00000000eab00000, 0x00000000ebc00000, 0x0000000100000000)
  eden space 8704K, 0% used [0x00000000eab00000,0x00000000eab00000,0x00000000eb380000)
  from space 3072K, 87% used [0x00000000eb900000,0x00000000ebba0ea0,0x00000000ebc00000)
  to   space 3584K, 0% used [0x00000000eb500000,0x00000000eb500000,0x00000000eb880000)
 ParOldGen       total 699392K, used 277626K [0x00000000c0000000, 0x00000000eab00000, 0x00000000eab00000)
  object space 699392K, 39% used [0x00000000c0000000,0x00000000d0f1ea80,0x00000000eab00000)
 Metaspace       used 65750K, committed 66944K, reserved 1114112K
  class space    used 6963K, committed 7488K, reserved 1048576K
}
Event: 33.667 GC heap before
{Heap before GC invocations=181 (full 10):
 PSYoungGen      total 11776K, used 11395K [0x00000000eab00000, 0x00000000ebc00000, 0x0000000100000000)
  eden space 8704K, 100% used [0x00000000eab00000,0x00000000eb380000,0x00000000eb380000)
  from space 3072K, 87% used [0x00000000eb900000,0x00000000ebba0ea0,0x00000000ebc00000)
  to   space 3584K, 0% used [0x00000000eb500000,0x00000000eb500000,0x00000000eb880000)
 ParOldGen       total 699392K, used 277626K [0x00000000c0000000, 0x00000000eab00000, 0x00000000eab00000)
  object space 699392K, 39% used [0x00000000c0000000,0x00000000d0f1ea80,0x00000000eab00000)
 Metaspace       used 66008K, committed 67136K, reserved 1114112K
  class space    used 6977K, committed 7488K, reserved 1048576K
}
Event: 33.669 GC heap after
{Heap after GC invocations=181 (full 10):
 PSYoungGen      total 13312K, used 3510K [0x00000000eab00000, 0x00000000ebc80000, 0x0000000100000000)
  eden space 9728K, 0% used [0x00000000eab00000,0x00000000eab00000,0x00000000eb480000)
  from space 3584K, 97% used [0x00000000eb500000,0x00000000eb86da40,0x00000000eb880000)
  to   space 4096K, 0% used [0x00000000eb880000,0x00000000eb880000,0x00000000ebc80000)
 ParOldGen       total 699392K, used 277626K [0x00000000c0000000, 0x00000000eab00000, 0x00000000eab00000)
  object space 699392K, 39% used [0x00000000c0000000,0x00000000d0f1ea80,0x00000000eab00000)
 Metaspace       used 66008K, committed 67136K, reserved 1114112K
  class space    used 6977K, committed 7488K, reserved 1048576K
}
Event: 33.741 GC heap before
{Heap before GC invocations=182 (full 10):
 PSYoungGen      total 13312K, used 13238K [0x00000000eab00000, 0x00000000ebc80000, 0x0000000100000000)
  eden space 9728K, 99% used [0x00000000eab00000,0x00000000eb47ffe0,0x00000000eb480000)
  from space 3584K, 97% used [0x00000000eb500000,0x00000000eb86da40,0x00000000eb880000)
  to   space 4096K, 0% used [0x00000000eb880000,0x00000000eb880000,0x00000000ebc80000)
 ParOldGen       total 699392K, used 277626K [0x00000000c0000000, 0x00000000eab00000, 0x00000000eab00000)
  object space 699392K, 39% used [0x00000000c0000000,0x00000000d0f1ea80,0x00000000eab00000)
 Metaspace       used 66375K, committed 67584K, reserved 1114112K
  class space    used 7002K, committed 7552K, reserved 1048576K
}
Event: 35.765 GC heap after
{Heap after GC invocations=182 (full 10):
 PSYoungGen      total 13824K, used 4094K [0x00000000eab00000, 0x00000000ebc80000, 0x0000000100000000)
  eden space 9728K, 0% used [0x00000000eab00000,0x00000000eab00000,0x00000000eb480000)
  from space 4096K, 99% used [0x00000000eb880000,0x00000000ebc7f808,0x00000000ebc80000)
  to   space 3584K, 0% used [0x00000000eb500000,0x00000000eb500000,0x00000000eb880000)
 ParOldGen       total 699392K, used 280104K [0x00000000c0000000, 0x00000000eab00000, 0x00000000eab00000)
  object space 699392K, 40% used [0x00000000c0000000,0x00000000d118a370,0x00000000eab00000)
 Metaspace       used 66375K, committed 67584K, reserved 1114112K
  class space    used 7002K, committed 7552K, reserved 1048576K
}
Event: 35.837 GC heap before
{Heap before GC invocations=183 (full 10):
 PSYoungGen      total 13824K, used 13822K [0x00000000eab00000, 0x00000000ebc80000, 0x0000000100000000)
  eden space 9728K, 100% used [0x00000000eab00000,0x00000000eb480000,0x00000000eb480000)
  from space 4096K, 99% used [0x00000000eb880000,0x00000000ebc7f808,0x00000000ebc80000)
  to   space 3584K, 0% used [0x00000000eb500000,0x00000000eb500000,0x00000000eb880000)
 ParOldGen       total 699392K, used 280104K [0x00000000c0000000, 0x00000000eab00000, 0x00000000eab00000)
  object space 699392K, 40% used [0x00000000c0000000,0x00000000d118a370,0x00000000eab00000)
 Metaspace       used 66823K, committed 67968K, reserved 1114112K
  class space    used 7048K, committed 7552K, reserved 1048576K
}
Event: 35.841 GC heap after
{Heap after GC invocations=183 (full 10):
 PSYoungGen      total 13312K, used 3583K [0x00000000eab00000, 0x00000000ec480000, 0x0000000100000000)
  eden space 9728K, 0% used [0x00000000eab00000,0x00000000eab00000,0x00000000eb480000)
  from space 3584K, 99% used [0x00000000eb500000,0x00000000eb87ff70,0x00000000eb880000)
  to   space 8192K, 0% used [0x00000000ebc80000,0x00000000ebc80000,0x00000000ec480000)
 ParOldGen       total 699392K, used 284271K [0x00000000c0000000, 0x00000000eab00000, 0x00000000eab00000)
  object space 699392K, 40% used [0x00000000c0000000,0x00000000d159bed8,0x00000000eab00000)
 Metaspace       used 66823K, committed 67968K, reserved 1114112K
  class space    used 7048K, committed 7552K, reserved 1048576K
}
Event: 35.961 GC heap before
{Heap before GC invocations=184 (full 10):
 PSYoungGen      total 13312K, used 13219K [0x00000000eab00000, 0x00000000ec480000, 0x0000000100000000)
  eden space 9728K, 99% used [0x00000000eab00000,0x00000000eb468de0,0x00000000eb480000)
  from space 3584K, 99% used [0x00000000eb500000,0x00000000eb87ff70,0x00000000eb880000)
  to   space 8192K, 0% used [0x00000000ebc80000,0x00000000ebc80000,0x00000000ec480000)
 ParOldGen       total 699392K, used 284271K [0x00000000c0000000, 0x00000000eab00000, 0x00000000eab00000)
  object space 699392K, 40% used [0x00000000c0000000,0x00000000d159bed8,0x00000000eab00000)
 Metaspace       used 66870K, committed 68032K, reserved 1114112K
  class space    used 7051K, committed 7552K, reserved 1048576K
}

Dll operation events (10 events):
Event: 0.029 Loaded shared library c:\Users\user\.cursor\extensions\redhat.java-1.38.0-win32-x64\jre\17.0.13-win32-x86_64\bin\java.dll
Event: 0.235 Loaded shared library c:\Users\user\.cursor\extensions\redhat.java-1.38.0-win32-x64\jre\17.0.13-win32-x86_64\bin\zip.dll
Event: 0.245 Loaded shared library C:\Users\user\.cursor\extensions\redhat.java-1.38.0-win32-x64\jre\17.0.13-win32-x86_64\bin\instrument.dll
Event: 0.263 Loaded shared library C:\Users\user\.cursor\extensions\redhat.java-1.38.0-win32-x64\jre\17.0.13-win32-x86_64\bin\net.dll
Event: 0.269 Loaded shared library C:\Users\user\.cursor\extensions\redhat.java-1.38.0-win32-x64\jre\17.0.13-win32-x86_64\bin\nio.dll
Event: 0.279 Loaded shared library C:\Users\user\.cursor\extensions\redhat.java-1.38.0-win32-x64\jre\17.0.13-win32-x86_64\bin\zip.dll
Event: 0.300 Loaded shared library C:\Users\user\.cursor\extensions\redhat.java-1.38.0-win32-x64\jre\17.0.13-win32-x86_64\bin\jimage.dll
Event: 0.395 Loaded shared library c:\Users\user\.cursor\extensions\redhat.java-1.38.0-win32-x64\jre\17.0.13-win32-x86_64\bin\verify.dll
Event: 1.894 Loaded shared library C:\Users\user\AppData\Roaming\Cursor\User\globalStorage\redhat.java\1.38.0\config_win\org.eclipse.equinox.launcher\org.eclipse.equinox.launcher.win32.win32.x86_64_1.2.1100.v20240722-2106\eclipse_11904.dll
Event: 5.203 Loaded shared library C:\Users\user\AppData\Local\Temp\jna-3599307\jna766574023601239201.dll

Deoptimization events (20 events):
Event: 35.824 Thread 0x000001d81ecfd5d0 DEOPT PACKING pc=0x000001d80a8a3328 sp=0x00000016402fde10
Event: 35.824 Thread 0x000001d81ecfd5d0 DEOPT UNPACKING pc=0x000001d80a169ea3 sp=0x00000016402fdd38 mode 2
Event: 35.824 Thread 0x000001d81ecfd5d0 Uncommon trap: trap_request=0xffffffc6 fr.pc=0x000001d80a8a3328 relative=0x0000000000000928
Event: 35.824 Thread 0x000001d81ecfd5d0 Uncommon trap: reason=bimorphic_or_optimized_type_check action=maybe_recompile pc=0x000001d80a8a3328 method=java.util.Comparator.lambda$thenComparing$36697e65$1(Ljava/util/Comparator;Ljava/lang/Object;Ljava/lang/Object;)I @ 3 c2
Event: 35.824 Thread 0x000001d81ecfd5d0 DEOPT PACKING pc=0x000001d80a8a3328 sp=0x00000016402fde10
Event: 35.824 Thread 0x000001d81ecfd5d0 DEOPT UNPACKING pc=0x000001d80a169ea3 sp=0x00000016402fdd38 mode 2
Event: 35.832 Thread 0x000001d81ecfd5d0 DEOPT PACKING pc=0x000001d802c8bdfe sp=0x00000016402fdc50
Event: 35.832 Thread 0x000001d81ecfd5d0 DEOPT UNPACKING pc=0x000001d80a16a9e3 sp=0x00000016402fd140 mode 0
Event: 35.834 Thread 0x000001d81ecfd5d0 DEOPT PACKING pc=0x000001d802c8bdfe sp=0x00000016402fdc50
Event: 35.834 Thread 0x000001d81ecfd5d0 DEOPT UNPACKING pc=0x000001d80a16a9e3 sp=0x00000016402fd140 mode 0
Event: 35.835 Thread 0x000001d81ecfd5d0 DEOPT PACKING pc=0x000001d802c8bdfe sp=0x00000016402fdc50
Event: 35.835 Thread 0x000001d81ecfd5d0 DEOPT UNPACKING pc=0x000001d80a16a9e3 sp=0x00000016402fd140 mode 0
Event: 35.836 Thread 0x000001d81ecfd5d0 DEOPT PACKING pc=0x000001d802c8bdfe sp=0x00000016402fdc50
Event: 35.836 Thread 0x000001d81ecfd5d0 DEOPT UNPACKING pc=0x000001d80a16a9e3 sp=0x00000016402fd140 mode 0
Event: 35.837 Thread 0x000001d81ecfd5d0 Uncommon trap: trap_request=0xffffff45 fr.pc=0x000001d80a895e88 relative=0x00000000000000c8
Event: 35.837 Thread 0x000001d81ecfd5d0 Uncommon trap: reason=unstable_if action=reinterpret pc=0x000001d80a895e88 method=java.util.TreeMap.containsKey(Ljava/lang/Object;)Z @ 5 c2
Event: 35.837 Thread 0x000001d81ecfd5d0 DEOPT PACKING pc=0x000001d80a895e88 sp=0x00000016402fde60
Event: 35.837 Thread 0x000001d81ecfd5d0 DEOPT UNPACKING pc=0x000001d80a169ea3 sp=0x00000016402fde10 mode 2
Event: 35.842 Thread 0x000001d81ecfd5d0 DEOPT PACKING pc=0x000001d802c8bdfe sp=0x00000016402fdc50
Event: 35.842 Thread 0x000001d81ecfd5d0 DEOPT UNPACKING pc=0x000001d80a16a9e3 sp=0x00000016402fd140 mode 0

Classes loaded (20 events):
Event: 30.774 Loading class java/nio/charset/CharacterCodingException
Event: 30.774 Loading class java/nio/charset/CharacterCodingException done
Event: 30.774 Loading class java/io/SequenceInputStream
Event: 30.774 Loading class java/io/SequenceInputStream done
Event: 30.798 Loading class java/util/regex/PatternSyntaxException
Event: 30.798 Loading class java/util/regex/PatternSyntaxException done
Event: 30.883 Loading class java/lang/UnsupportedClassVersionError
Event: 30.883 Loading class java/lang/UnsupportedClassVersionError done
Event: 30.883 Loading class java/io/FileReader
Event: 30.884 Loading class java/io/FileReader done
Event: 30.898 Loading class jdk/internal/reflect/UnsafeQualifiedStaticIntegerFieldAccessorImpl
Event: 30.899 Loading class jdk/internal/reflect/UnsafeQualifiedStaticIntegerFieldAccessorImpl done
Event: 33.175 Loading class sun/nio/cs/ISO_8859_1$Encoder
Event: 33.176 Loading class sun/nio/cs/ISO_8859_1$Encoder done
Event: 33.176 Loading class sun/nio/cs/Surrogate$Parser
Event: 33.177 Loading class sun/nio/cs/Surrogate$Parser done
Event: 33.177 Loading class sun/nio/cs/Surrogate
Event: 33.177 Loading class sun/nio/cs/Surrogate done
Event: 33.287 Loading class java/util/concurrent/ForkJoinPool$DefaultCommonPoolForkJoinWorkerThreadFactory$1
Event: 33.287 Loading class java/util/concurrent/ForkJoinPool$DefaultCommonPoolForkJoinWorkerThreadFactory$1 done

Classes unloaded (11 events):
Event: 7.367 Thread 0x000001d87ff37740 Unloading class 0x0000000100250000 'java/lang/invoke/LambdaForm$MH+0x0000000100250000'
Event: 7.367 Thread 0x000001d87ff37740 Unloading class 0x000000010024fc00 'java/lang/invoke/LambdaForm$MH+0x000000010024fc00'
Event: 7.367 Thread 0x000001d87ff37740 Unloading class 0x000000010024f800 'java/lang/invoke/LambdaForm$MH+0x000000010024f800'
Event: 7.367 Thread 0x000001d87ff37740 Unloading class 0x000000010024f400 'java/lang/invoke/LambdaForm$MH+0x000000010024f400'
Event: 7.367 Thread 0x000001d87ff37740 Unloading class 0x000000010024f000 'java/lang/invoke/LambdaForm$BMH+0x000000010024f000'
Event: 7.367 Thread 0x000001d87ff37740 Unloading class 0x000000010024ec00 'java/lang/invoke/LambdaForm$DMH+0x000000010024ec00'
Event: 7.367 Thread 0x000001d87ff37740 Unloading class 0x000000010024c400 'java/lang/invoke/LambdaForm$DMH+0x000000010024c400'
Event: 12.627 Thread 0x000001d87ff37740 Unloading class 0x00000001003a3c00 'java/lang/invoke/LambdaForm$MH+0x00000001003a3c00'
Event: 12.627 Thread 0x000001d87ff37740 Unloading class 0x00000001003a3800 'java/lang/invoke/LambdaForm$MH+0x00000001003a3800'
Event: 12.627 Thread 0x000001d87ff37740 Unloading class 0x00000001003a3000 'java/lang/invoke/LambdaForm$DMH+0x00000001003a3000'
Event: 12.627 Thread 0x000001d87ff37740 Unloading class 0x00000001003a2000 'java/lang/invoke/LambdaForm$MH+0x00000001003a2000'

Classes redefined (0 events):
No events

Internal exceptions (20 events):
Event: 35.850 Thread 0x000001d81ecfd5d0 Exception <a 'sun/nio/fs/WindowsException'{0x00000000eab82680}> (0x00000000eab82680) 
thrown [s\src\hotspot\share\prims\jni.cpp, line 516]
Event: 35.850 Thread 0x000001d81ecfd5d0 Exception <a 'sun/nio/fs/WindowsException'{0x00000000eab82f60}> (0x00000000eab82f60) 
thrown [s\src\hotspot\share\prims\jni.cpp, line 516]
Event: 35.851 Thread 0x000001d81ecfd5d0 Exception <a 'sun/nio/fs/WindowsException'{0x00000000eab85e98}> (0x00000000eab85e98) 
thrown [s\src\hotspot\share\prims\jni.cpp, line 516]
Event: 35.851 Thread 0x000001d81ecfd5d0 Exception <a 'sun/nio/fs/WindowsException'{0x00000000eab86778}> (0x00000000eab86778) 
thrown [s\src\hotspot\share\prims\jni.cpp, line 516]
Event: 35.853 Thread 0x000001d81ecfd5d0 Exception <a 'sun/nio/fs/WindowsException'{0x00000000eab89a58}> (0x00000000eab89a58) 
thrown [s\src\hotspot\share\prims\jni.cpp, line 516]
Event: 35.853 Thread 0x000001d81ecfd5d0 Exception <a 'sun/nio/fs/WindowsException'{0x00000000eab8a338}> (0x00000000eab8a338) 
thrown [s\src\hotspot\share\prims\jni.cpp, line 516]
Event: 35.855 Thread 0x000001d81ecfd5d0 Exception <a 'sun/nio/fs/WindowsException'{0x00000000eac01508}> (0x00000000eac01508) 
thrown [s\src\hotspot\share\prims\jni.cpp, line 516]
Event: 35.855 Thread 0x000001d81ecfd5d0 Exception <a 'sun/nio/fs/WindowsException'{0x00000000eac01de0}> (0x00000000eac01de0) 
thrown [s\src\hotspot\share\prims\jni.cpp, line 516]
Event: 35.857 Thread 0x000001d81ecfd5d0 Exception <a 'sun/nio/fs/WindowsException'{0x00000000eac5a240}> (0x00000000eac5a240) 
thrown [s\src\hotspot\share\prims\jni.cpp, line 516]
Event: 35.857 Thread 0x000001d81ecfd5d0 Exception <a 'sun/nio/fs/WindowsException'{0x00000000eac5a878}> (0x00000000eac5a878) 
thrown [s\src\hotspot\share\prims\jni.cpp, line 516]
Event: 35.858 Thread 0x000001d81ecfd5d0 Exception <a 'sun/nio/fs/WindowsException'{0x00000000eac5b408}> (0x00000000eac5b408) 
thrown [s\src\hotspot\share\prims\jni.cpp, line 516]
Event: 35.858 Thread 0x000001d81ecfd5d0 Exception <a 'sun/nio/fs/WindowsException'{0x00000000eac5ba40}> (0x00000000eac5ba40) 
thrown [s\src\hotspot\share\prims\jni.cpp, line 516]
Event: 35.859 Thread 0x000001d81ecfd5d0 Exception <a 'sun/nio/fs/WindowsException'{0x00000000eac5c6b8}> (0x00000000eac5c6b8) 
thrown [s\src\hotspot\share\prims\jni.cpp, line 516]
Event: 35.859 Thread 0x000001d81ecfd5d0 Exception <a 'sun/nio/fs/WindowsException'{0x00000000eac5ccf0}> (0x00000000eac5ccf0) 
thrown [s\src\hotspot\share\prims\jni.cpp, line 516]
Event: 35.860 Thread 0x000001d81ecfd5d0 Exception <a 'sun/nio/fs/WindowsException'{0x00000000eac5d880}> (0x00000000eac5d880) 
thrown [s\src\hotspot\share\prims\jni.cpp, line 516]
Event: 35.860 Thread 0x000001d81ecfd5d0 Exception <a 'sun/nio/fs/WindowsException'{0x00000000eac5deb8}> (0x00000000eac5deb8) 
thrown [s\src\hotspot\share\prims\jni.cpp, line 516]
Event: 35.861 Thread 0x000001d81ecfd5d0 Exception <a 'sun/nio/fs/WindowsException'{0x00000000eac5eb30}> (0x00000000eac5eb30) 
thrown [s\src\hotspot\share\prims\jni.cpp, line 516]
Event: 35.862 Thread 0x000001d81ecfd5d0 Exception <a 'sun/nio/fs/WindowsException'{0x00000000eac5f160}> (0x00000000eac5f160) 
thrown [s\src\hotspot\share\prims\jni.cpp, line 516]
Event: 35.862 Thread 0x000001d81ecfd5d0 Exception <a 'sun/nio/fs/WindowsException'{0x00000000eac91528}> (0x00000000eac91528) 
thrown [s\src\hotspot\share\prims\jni.cpp, line 516]
Event: 35.862 Thread 0x000001d81ecfd5d0 Exception <a 'sun/nio/fs/WindowsException'{0x00000000eac91b58}> (0x00000000eac91b58) 
thrown [s\src\hotspot\share\prims\jni.cpp, line 516]

VM Operations (20 events):
Event: 33.051 Executing VM operation: ParallelGCFailedAllocation done
Event: 33.079 Executing VM operation: ParallelGCFailedAllocation
Event: 33.083 Executing VM operation: ParallelGCFailedAllocation done
Event: 33.103 Executing VM operation: ParallelGCFailedAllocation
Event: 33.108 Executing VM operation: ParallelGCFailedAllocation done
Event: 33.142 Executing VM operation: ParallelGCFailedAllocation
Event: 33.148 Executing VM operation: ParallelGCFailedAllocation done
Event: 33.186 Executing VM operation: ParallelGCFailedAllocation
Event: 33.193 Executing VM operation: ParallelGCFailedAllocation done
Event: 33.227 Executing VM operation: HandshakeAllThreads
Event: 33.229 Executing VM operation: HandshakeAllThreads done
Event: 33.363 Executing VM operation: ParallelGCFailedAllocation
Event: 33.367 Executing VM operation: ParallelGCFailedAllocation done
Event: 33.667 Executing VM operation: ParallelGCFailedAllocation
Event: 33.669 Executing VM operation: ParallelGCFailedAllocation done
Event: 33.741 Executing VM operation: ParallelGCFailedAllocation
Event: 35.765 Executing VM operation: ParallelGCFailedAllocation done
Event: 35.837 Executing VM operation: ParallelGCFailedAllocation
Event: 35.842 Executing VM operation: ParallelGCFailedAllocation done
Event: 35.961 Executing VM operation: ParallelGCFailedAllocation

Memory protections (0 events):
No events

Nmethod flushes (20 events):
Event: 17.504 Thread 0x000001d819109f10 flushing  nmethod 0x000001d80393b010
Event: 17.504 Thread 0x000001d819109f10 flushing  nmethod 0x000001d80393ba90
Event: 17.505 Thread 0x000001d819109f10 flushing  nmethod 0x000001d803966390
Event: 17.505 Thread 0x000001d819109f10 flushing  nmethod 0x000001d803967c10
Event: 17.505 Thread 0x000001d819109f10 flushing  nmethod 0x000001d803967f90
Event: 17.505 Thread 0x000001d819109f10 flushing  nmethod 0x000001d80398a390
Event: 17.505 Thread 0x000001d819109f10 flushing  nmethod 0x000001d80398fe90
Event: 17.505 Thread 0x000001d819109f10 flushing  nmethod 0x000001d8039b0e90
Event: 17.505 Thread 0x000001d819109f10 flushing  nmethod 0x000001d8039d5690
Event: 17.505 Thread 0x000001d819109f10 flushing  nmethod 0x000001d8039d7e90
Event: 17.505 Thread 0x000001d819109f10 flushing  nmethod 0x000001d803a18810
Event: 17.505 Thread 0x000001d819109f10 flushing  nmethod 0x000001d803a1a490
Event: 17.505 Thread 0x000001d819109f10 flushing  nmethod 0x000001d803a3be90
Event: 17.505 Thread 0x000001d819109f10 flushing  nmethod 0x000001d803a6e410
Event: 17.505 Thread 0x000001d819109f10 flushing  nmethod 0x000001d803a93890
Event: 17.506 Thread 0x000001d819109f10 flushing  nmethod 0x000001d803ae4b10
Event: 17.506 Thread 0x000001d819109f10 flushing  nmethod 0x000001d803b03f90
Event: 17.506 Thread 0x000001d819109f10 flushing  nmethod 0x000001d803b0ec10
Event: 17.506 Thread 0x000001d819109f10 flushing  nmethod 0x000001d803b74910
Event: 17.506 Thread 0x000001d819109f10 flushing  nmethod 0x000001d803b79110

Events (20 events):
Event: 14.541 Thread 0x000001d81b42cb40 Thread added: 0x000001d81c5a2350
Event: 14.730 Thread 0x000001d81b42cb40 Thread added: 0x000001d81c5a1e40
Event: 14.730 Thread 0x000001d81b42cb40 Thread added: 0x000001d81c59fad0
Event: 14.959 Thread 0x000001d81b42cb40 Thread added: 0x000001d81c5a2860
Event: 14.959 Thread 0x000001d81b42cb40 Thread added: 0x000001d81c5a1420
Event: 14.959 Thread 0x000001d81b42cb40 Thread added: 0x000001d81c59f0b0
Event: 14.959 Thread 0x000001d81b42cb40 Thread added: 0x000001d81c5a2d70
Event: 14.959 Thread 0x000001d81b42cb40 Thread added: 0x000001d81c59f5c0
Event: 16.024 Thread 0x000001d81ecfdae0 Thread added: 0x000001d81c59ffe0
Event: 16.569 Thread 0x000001d81ba1a250 Thread exited: 0x000001d81ba1a250
Event: 16.569 Thread 0x000001d81b6b33b0 Thread exited: 0x000001d81b6b33b0
Event: 16.941 Thread 0x000001d8190efae0 Thread added: 0x000001d81ba1a250
Event: 18.666 Thread 0x000001d81ba1a250 Thread exited: 0x000001d81ba1a250
Event: 19.562 Thread 0x000001d8190efae0 Thread added: 0x000001d81ba1a250
Event: 19.562 Thread 0x000001d8190efae0 Thread added: 0x000001d81b5aab60
Event: 19.994 Thread 0x000001d81b5aab60 Thread exited: 0x000001d81b5aab60
Event: 19.994 Thread 0x000001d81ba1a250 Thread exited: 0x000001d81ba1a250
Event: 28.031 Thread 0x000001d8190efae0 Thread added: 0x000001d81b5aab60
Event: 30.909 Thread 0x000001d81b5aab60 Thread added: 0x000001d81ec4c3f0
Event: 33.287 Thread 0x000001d81ecfd5d0 Thread added: 0x000001d81c5a3280


Dynamic libraries:
0x00007ff795770000 - 0x00007ff79577e000 	c:\Users\user\.cursor\extensions\redhat.java-1.38.0-win32-x64\jre\17.0.13-win32-x86_64\bin\java.exe
0x00007ffa93480000 - 0x00007ffa936e3000 	C:\WINDOWS\SYSTEM32\ntdll.dll
0x00007ffa91e30000 - 0x00007ffa91ef8000 	C:\WINDOWS\System32\KERNEL32.DLL
0x00007ffa90c70000 - 0x00007ffa91022000 	C:\WINDOWS\System32\KERNELBASE.dll
0x00007ffa90850000 - 0x00007ffa9099b000 	C:\WINDOWS\System32\ucrtbase.dll
0x00007ffa72340000 - 0x00007ffa72357000 	c:\Users\user\.cursor\extensions\redhat.java-1.38.0-win32-x64\jre\17.0.13-win32-x86_64\bin\jli.dll
0x00007ffa723e0000 - 0x00007ffa723fe000 	c:\Users\user\.cursor\extensions\redhat.java-1.38.0-win32-x64\jre\17.0.13-win32-x86_64\bin\VCRUNTIME140.dll
0x00007ffa91f00000 - 0x00007ffa920c8000 	C:\WINDOWS\System32\USER32.dll
0x00007ffa91030000 - 0x00007ffa91057000 	C:\WINDOWS\System32\win32u.dll
0x00007ffa921b0000 - 0x00007ffa921da000 	C:\WINDOWS\System32\GDI32.dll
0x00007ffa91120000 - 0x00007ffa9124b000 	C:\WINDOWS\System32\gdi32full.dll
0x00007ffa77530000 - 0x00007ffa777c0000 	C:\WINDOWS\WinSxS\amd64_microsoft.windows.common-controls_6595b64144ccf1df_6.0.26100.2454_none_3e0b68a2e331ad60\COMCTL32.dll
0x00007ffa90bc0000 - 0x00007ffa90c63000 	C:\WINDOWS\System32\msvcp_win.dll
0x00007ffa91720000 - 0x00007ffa917c9000 	C:\WINDOWS\System32\msvcrt.dll
0x00007ffa930a0000 - 0x00007ffa930cf000 	C:\WINDOWS\System32\IMM32.DLL
0x00007ffa8ace0000 - 0x00007ffa8acec000 	c:\Users\user\.cursor\extensions\redhat.java-1.38.0-win32-x64\jre\17.0.13-win32-x86_64\bin\vcruntime140_1.dll
0x00007ffa648a0000 - 0x00007ffa6492d000 	c:\Users\user\.cursor\extensions\redhat.java-1.38.0-win32-x64\jre\17.0.13-win32-x86_64\bin\msvcp140.dll
0x00007ffa49ab0000 - 0x00007ffa4a71b000 	c:\Users\user\.cursor\extensions\redhat.java-1.38.0-win32-x64\jre\17.0.13-win32-x86_64\bin\server\jvm.dll
0x00007ffa912e0000 - 0x00007ffa91394000 	C:\WINDOWS\System32\ADVAPI32.dll
0x00007ffa91620000 - 0x00007ffa916c6000 	C:\WINDOWS\System32\sechost.dll
0x00007ffa92ea0000 - 0x00007ffa92fb6000 	C:\WINDOWS\System32\RPCRT4.dll
0x00007ffa920d0000 - 0x00007ffa92144000 	C:\WINDOWS\System32\WS2_32.dll
0x00007ffa8f4c0000 - 0x00007ffa8f50e000 	C:\WINDOWS\SYSTEM32\POWRPROF.dll
0x00007ffa854c0000 - 0x00007ffa854f6000 	C:\WINDOWS\SYSTEM32\WINMM.dll
0x00007ffa89bc0000 - 0x00007ffa89bcb000 	C:\WINDOWS\SYSTEM32\VERSION.dll
0x00007ffa8f4a0000 - 0x00007ffa8f4b4000 	C:\WINDOWS\SYSTEM32\UMPDC.dll
0x00007ffa8f770000 - 0x00007ffa8f78a000 	C:\WINDOWS\SYSTEM32\kernel.appcore.dll
0x00007ffa899f0000 - 0x00007ffa899fa000 	c:\Users\user\.cursor\extensions\redhat.java-1.38.0-win32-x64\jre\17.0.13-win32-x86_64\bin\jimage.dll
0x00007ffa849a0000 - 0x00007ffa84be1000 	C:\WINDOWS\SYSTEM32\DBGHELP.DLL
0x00007ffa917e0000 - 0x00007ffa91b5e000 	C:\WINDOWS\System32\combase.dll
0x00007ffa930e0000 - 0x00007ffa931b6000 	C:\WINDOWS\System32\OLEAUT32.dll
0x00007ffa83720000 - 0x00007ffa83759000 	C:\WINDOWS\SYSTEM32\dbgcore.DLL
0x00007ffa909a0000 - 0x00007ffa90a39000 	C:\WINDOWS\System32\bcryptPrimitives.dll
0x00007ffa71fd0000 - 0x00007ffa71fde000 	c:\Users\user\.cursor\extensions\redhat.java-1.38.0-win32-x64\jre\17.0.13-win32-x86_64\bin\instrument.dll
0x00007ffa6ea60000 - 0x00007ffa6ea85000 	c:\Users\user\.cursor\extensions\redhat.java-1.38.0-win32-x64\jre\17.0.13-win32-x86_64\bin\java.dll
0x00007ffa71ae0000 - 0x00007ffa71af8000 	c:\Users\user\.cursor\extensions\redhat.java-1.38.0-win32-x64\jre\17.0.13-win32-x86_64\bin\zip.dll
0x00007ffa92790000 - 0x00007ffa92e91000 	C:\WINDOWS\System32\SHELL32.dll
0x00007ffa8e540000 - 0x00007ffa8ed71000 	C:\WINDOWS\SYSTEM32\windows.storage.dll
0x00007ffa92fc0000 - 0x00007ffa9309a000 	C:\WINDOWS\System32\SHCORE.dll
0x00007ffa91d50000 - 0x00007ffa91dad000 	C:\WINDOWS\System32\shlwapi.dll
0x00007ffa90760000 - 0x00007ffa9078e000 	C:\WINDOWS\SYSTEM32\profapi.dll
0x00007ffa8ad10000 - 0x00007ffa8ad29000 	C:\Users\user\.cursor\extensions\redhat.java-1.38.0-win32-x64\jre\17.0.13-win32-x86_64\bin\net.dll
0x00007ffa8a0f0000 - 0x00007ffa8a216000 	C:\WINDOWS\SYSTEM32\WINHTTP.dll
0x00007ffa8fc60000 - 0x00007ffa8fcc8000 	C:\WINDOWS\system32\mswsock.dll
0x00007ffa8acf0000 - 0x00007ffa8ad06000 	C:\Users\user\.cursor\extensions\redhat.java-1.38.0-win32-x64\jre\17.0.13-win32-x86_64\bin\nio.dll
0x00007ffa898d0000 - 0x00007ffa898e0000 	c:\Users\user\.cursor\extensions\redhat.java-1.38.0-win32-x64\jre\17.0.13-win32-x86_64\bin\verify.dll
0x00007ffa82720000 - 0x00007ffa82765000 	C:\Users\user\AppData\Roaming\Cursor\User\globalStorage\redhat.java\1.38.0\config_win\org.eclipse.equinox.launcher\org.eclipse.equinox.launcher.win32.win32.x86_64_1.2.1100.v20240722-2106\eclipse_11904.dll
0x00007ffa913a0000 - 0x00007ffa91539000 	C:\WINDOWS\System32\ole32.dll
0x00007ffa8ff40000 - 0x00007ffa8ff5c000 	C:\WINDOWS\SYSTEM32\CRYPTSP.dll
0x00007ffa8f6d0000 - 0x00007ffa8f708000 	C:\WINDOWS\system32\rsaenh.dll
0x00007ffa8fd20000 - 0x00007ffa8fd4b000 	C:\WINDOWS\SYSTEM32\USERENV.dll
0x00007ffa90180000 - 0x00007ffa901a6000 	C:\WINDOWS\SYSTEM32\bcrypt.dll
0x00007ffa8ff60000 - 0x00007ffa8ff6c000 	C:\WINDOWS\SYSTEM32\CRYPTBASE.dll
0x00007ffa8f070000 - 0x00007ffa8f0a2000 	C:\WINDOWS\SYSTEM32\IPHLPAPI.DLL
0x00007ffa91610000 - 0x00007ffa9161a000 	C:\WINDOWS\System32\NSI.dll
0x00007ffa8a0c0000 - 0x00007ffa8a0de000 	C:\WINDOWS\SYSTEM32\dhcpcsvc6.DLL
0x00007ffa8a040000 - 0x00007ffa8a065000 	C:\WINDOWS\SYSTEM32\dhcpcsvc.DLL
0x00007ffa8f160000 - 0x00007ffa8f285000 	C:\WINDOWS\SYSTEM32\DNSAPI.dll
0x00007ffa826d0000 - 0x00007ffa82719000 	C:\Users\user\AppData\Local\Temp\jna-3599307\jna766574023601239201.dll
0x00007ffa91b70000 - 0x00007ffa91b78000 	C:\WINDOWS\System32\PSAPI.DLL

dbghelp: loaded successfully - version: 4.0.5 - missing functions: none
symbol engine: initialized successfully - sym options: 0x614 - pdb path: .;c:\Users\user\.cursor\extensions\redhat.java-1.38.0-win32-x64\jre\17.0.13-win32-x86_64\bin;C:\WINDOWS\SYSTEM32;C:\WINDOWS\WinSxS\amd64_microsoft.windows.common-controls_6595b64144ccf1df_6.0.26100.2454_none_3e0b68a2e331ad60;c:\Users\user\.cursor\extensions\redhat.java-1.38.0-win32-x64\jre\17.0.13-win32-x86_64\bin\server;C:\Users\user\AppData\Roaming\Cursor\User\globalStorage\redhat.java\1.38.0\config_win\org.eclipse.equinox.launcher\org.eclipse.equinox.launcher.win32.win32.x86_64_1.2.1100.v20240722-2106;C:\Users\user\AppData\Local\Temp\jna-3599307

VM Arguments:
jvm_args: --add-modules=ALL-SYSTEM --add-opens=java.base/java.util=ALL-UNNAMED --add-opens=java.base/java.lang=ALL-UNNAMED --add-opens=java.base/sun.nio.fs=ALL-UNNAMED -Declipse.application=org.eclipse.jdt.ls.core.id1 -Dosgi.bundles.defaultStartLevel=4 -Declipse.product=org.eclipse.jdt.ls.core.product -Djava.import.generatesMetadataFilesAtProjectRoot=false -DDetectVMInstallationsJob.disabled=true -Dfile.encoding=utf8 -XX:+UseParallelGC -XX:GCTimeRatio=4 -XX:AdaptiveSizePolicyWeight=90 -Dsun.zip.disableMemoryMapping=true -Xmx1G -Xms100m -Xlog:disable -javaagent:c:\Users\user\.cursor\extensions\redhat.java-1.38.0-win32-x64\lombok\lombok-1.18.34.jar -XX:+HeapDumpOnOutOfMemoryError -XX:HeapDumpPath=c:\Users\user\AppData\Roaming\Cursor\User\workspaceStorage\0e2028fd2e95f93941e0a180d63748fa\redhat.java -Daether.dependencyCollector.impl=bf 
java_command: c:\Users\user\.cursor\extensions\redhat.java-1.38.0-win32-x64\server\plugins\org.eclipse.equinox.launcher_1.6.900.v20240613-2009.jar -configuration c:\Users\user\AppData\Roaming\Cursor\User\globalStorage\redhat.java\1.38.0\config_win -data c:\Users\user\AppData\Roaming\Cursor\User\workspaceStorage\0e2028fd2e95f93941e0a180d63748fa\redhat.java\jdt_ws --pipe=\\.\pipe\lsp-5e1ebd7e49e532e73c3784c4d61191d3-sock
java_class_path (initial): c:\Users\user\.cursor\extensions\redhat.java-1.38.0-win32-x64\server\plugins\org.eclipse.equinox.launcher_1.6.900.v20240613-2009.jar
Launcher Type: SUN_STANDARD

[Global flags]
    uintx AdaptiveSizePolicyWeight                 = 90                                        {product} {command line}
     intx CICompilerCount                          = 4                                         {product} {ergonomic}
    uintx GCTimeRatio                              = 4                                         {product} {command line}
     bool HeapDumpOnOutOfMemoryError               = true                                   {manageable} {command line}
    ccstr HeapDumpPath                             = c:\Users\user\AppData\Roaming\Cursor\User\workspaceStorage\0e2028fd2e95f93941e0a180d63748fa\redhat.java         {manageable} {command line}
   size_t InitialHeapSize                          = 104857600                                 {product} {command line}
   size_t MaxHeapSize                              = 1073741824                                {product} {command line}
   size_t MaxNewSize                               = 357564416                                 {product} {ergonomic}
   size_t MinHeapDeltaBytes                        = 524288                                    {product} {ergonomic}
   size_t MinHeapSize                              = 104857600                                 {product} {command line}
   size_t NewSize                                  = 34603008                                  {product} {ergonomic}
    uintx NonNMethodCodeHeapSize                   = 5839372                                {pd product} {ergonomic}
    uintx NonProfiledCodeHeapSize                  = 122909434                              {pd product} {ergonomic}
   size_t OldSize                                  = 70254592                                  {product} {ergonomic}
    uintx ProfiledCodeHeapSize                     = 122909434                              {pd product} {ergonomic}
    uintx ReservedCodeCacheSize                    = 251658240                              {pd product} {ergonomic}
     bool SegmentedCodeCache                       = true                                      {product} {ergonomic}
   size_t SoftMaxHeapSize                          = 1073741824                             {manageable} {ergonomic}
     bool UseCompressedClassPointers               = true                           {product lp64_product} {ergonomic}
     bool UseCompressedOops                        = true                           {product lp64_product} {ergonomic}
     bool UseLargePagesIndividualAllocation        = false                                  {pd product} {ergonomic}
     bool UseParallelGC                            = true                                      {product} {command line}

Logging:
Log output configuration:
 #0: stdout all=off uptime,level,tags
 #1: stderr all=off uptime,level,tags

Environment Variables:
JAVA_HOME=C:\Program Files\dev\jdk-17
PATH=C:\Program Files\dev\jdk-17\bin;C:\Program Files\dev\jdk-17\lib;c:\Users\user\AppData\Local\Programs\cursor\resources\app\bin;C:\Program Files (x86)\NAT Service;C:\Windows\system32;C:\Windows;C:\Windows\System32\Wbem;C:\Windows\System32\WindowsPowerShell\v1.0\;C:\Windows\System32\OpenSSH\;C:\Program Files (x86)\NVIDIA Corporation\PhysX\Common;C:\Program Files\NVIDIA Corporation\NVIDIA NvDLISR;C:\Program Files\nodejs\;C:\Users\user\AppData\Local\Microsoft\WindowsApps;C:\Users\user\AppData\Local\afreeca;C:\Users\user\AppData\Roaming\npm;C:\Program Files\Bandizip\;C:\Program Files\PowerShell\7\;C:\Program Files\PuTTY\;C:\Program Files (x86)\NetSarang\Xshell 8\;C:\Program Files\dev\PortableGit\bin;C:\WINDOWS\system32;C:\WINDOWS;C:\WINDOWS\System32\Wbem;C:\WINDOWS\System32\WindowsPowerShell\v1.0\;C:\WINDOWS\System32\OpenSSH\;C:\Program Files\Git\cmd;;C:\Program Files\Docker\Docker\resources\bin;C:\Program Files\dev\jdk-17\bin;C:\Program Files\dev\jdk-17\lib;C:\Program Files\MySQL\MySQL Shell 8.0\bin\;C:\Python312\Scripts\;C:\Python312\;C:\Users\user\AppData\Local\Microsoft\WindowsApps;C:\Users\user\AppData\Local\afreeca;C:\Users\user\AppData\Local\Programs\Microsoft VS Code\bin;C:\Users\user\AppData\Roaming\npm;C:\Program Files\JetBrains\IntelliJ IDEA Community Edition 2024.2.3\bin;;C:\Users\user\AppData\Local\SOOP;C:\Program Files\JetBrains\IntelliJ IDEA 2024.3\bin;;C:\Users\user\AppData\Local\Programs\Windsurf\bin
USERNAME=user
TMPDIR=C:\Users\Public\Documents\ESTsoft\CreatorTemp
OS=Windows_NT
PROCESSOR_IDENTIFIER=Intel64 Family 6 Model 167 Stepping 1, GenuineIntel
TMP=C:\Users\user\AppData\Local\Temp
TEMP=C:\Users\user\AppData\Local\Temp



Periodic native trim disabled


---------------  S Y S T E M  ---------------

OS:
 Windows 11 , 64 bit Build 26100 (10.0.26100.2454)
OS uptime: 4 days 15:44 hours
Hyper-V role detected

CPU: total 12 (initial active 12) (6 cores per cpu, 2 threads per core) family 6 model 167 stepping 1 microcode 0x57, cx8, cmov, fxsr, ht, mmx, 3dnowpref, sse, sse2, sse3, ssse3, sse4.1, sse4.2, popcnt, lzcnt, tsc, tscinvbit, avx, avx2, aes, erms, clmul, bmi1, bmi2, adx, avx512f, avx512dq, avx512cd, avx512bw, avx512vl, sha, fma, vzeroupper, avx512_vpopcntdq, avx512_vpclmulqdq, avx512_vaes, avx512_vnni, clflush, clflushopt, avx512_vbmi2, avx512_vbmi, hv
Processor Information for all 12 processors :
  Max Mhz: 2601, Current Mhz: 2601, Mhz Limit: 2601

Memory: 4k page, system-wide physical 16267M (2026M free)
TotalPageFile size 65419M (AvailPageFile size 25M)
current process WorkingSet (physical memory assigned to process): 653M, peak: 657M
current process commit charge ("private bytes"): 969M, peak: 987M

vm_info: OpenJDK 64-Bit Server VM (17.0.13+11) for windows-amd64 JRE (17.0.13+11), built on Oct 16 2024 00:10:08 by "admin" with MS VC++ 17.7 (VS2022)

END.
